Using pre-set license
Built from '2020.3/release' branch; Version is '2020.3.7f1 (dd97f2c94397) revision 14522354'; Using compiler version '192528614'; Build Type 'Release'
OS: 'Windows 10 Home Single Language; OS build 19042.1052; Version 2009; 64bit' Language: 'ru' Physical Memory: 12167 MB
BatchMode: 1, IsHumanControllingUs: 0, StartBugReporterOnCrash: 0, Is64bit: 1, IsPro: 0

 COMMAND LINE ARGUMENTS:
C:\Program Files\Unity\Hub\Editor\2020.3.7f1\Editor\Unity.exe
-adb2
-batchMode
-noUpm
-name
AssetImportWorker0
-projectPath
C:/Users/Public/Documents/Unity Projects/3D-Shooter
-logFile
Logs/AssetImportWorker0.log
-srvPort
49939
Successfully changed project path to: C:/Users/Public/Documents/Unity Projects/3D-Shooter
C:/Users/Public/Documents/Unity Projects/3D-Shooter
Using Asset Import Pipeline V2.
Refreshing native plugins compatible for Editor in 30.62 ms, found 0 plugins.
Preloading 0 native plugins for Editor in 0.00 ms.
Initialize engine version: 2020.3.7f1 (dd97f2c94397)
[Subsystems] Discovering subsystems at path C:/Program Files/Unity/Hub/Editor/2020.3.7f1/Editor/Data/Resources/UnitySubsystems
[Subsystems] Discovering subsystems at path C:/Users/Public/Documents/Unity Projects/3D-Shooter/Assets
GfxDevice: creating device client; threaded=0
Direct3D:
    Version:  Direct3D 11.0 [level 11.1]
    Renderer: NVIDIA GeForce GTX 1050 (ID=0x1c8d)
    Vendor:   
    VRAM:     1977 MB
    Driver:   27.21.14.6230
Initialize mono
Mono path[0] = 'C:/Program Files/Unity/Hub/Editor/2020.3.7f1/Editor/Data/Managed'
Mono path[1] = 'C:/Program Files/Unity/Hub/Editor/2020.3.7f1/Editor/Data/MonoBleedingEdge/lib/mono/unityjit'
Mono config path = 'C:/Program Files/Unity/Hub/Editor/2020.3.7f1/Editor/Data/MonoBleedingEdge/etc'
Using monoOptions --debugger-agent=transport=dt_socket,embedding=1,server=y,suspend=n,address=127.0.0.1:56868
Begin MonoManager ReloadAssembly
Registering precompiled unity dll's ...
Register platform support module: C:/Program Files/Unity/Hub/Editor/2020.3.7f1/Editor/Data/PlaybackEngines/WindowsStandaloneSupport/UnityEditor.WindowsStandalone.Extensions.dll
Registered in 0.002253 seconds.
Native extension for WindowsStandalone target not found
Refreshing native plugins compatible for Editor in 31.40 ms, found 0 plugins.
Preloading 0 native plugins for Editor in 0.00 ms.
Mono: successfully reloaded assembly
- Completed reload, in  2.832 seconds
Platform modules already initialized, skipping
Registering precompiled user dll's ...
Registered in 0.001672 seconds.
Begin MonoManager ReloadAssembly
Native extension for WindowsStandalone target not found
Refreshing native plugins compatible for Editor in 0.23 ms, found 0 plugins.
Preloading 0 native plugins for Editor in 0.00 ms.
Mono: successfully reloaded assembly
- Completed reload, in  1.033 seconds
Platform modules already initialized, skipping
========================================================================
Worker process is ready to serve import requests
Launched and connected shader compiler UnityShaderCompiler.exe after 0.07 seconds
Refreshing native plugins compatible for Editor in 0.28 ms, found 0 plugins.
Preloading 0 native plugins for Editor in 0.00 ms.
Unloading 1189 Unused Serialized files (Serialized files now loaded: 0)
System memory in use before: 76.3 MB.
System memory in use after: 76.3 MB.

Unloading 9 unused Assets to reduce memory usage. Loaded Objects now: 1654.
Total: 2.938100 ms (FindLiveObjects: 0.197700 ms CreateObjectMapping: 0.216900 ms MarkObjects: 2.442500 ms  DeleteObjects: 0.079000 ms)

========================================================================
Received Import Request.
  path: Assets/Scenes/StartScene.unity
  artifactKey: Guid(5c317a4daef98a14fbaee6daf05b5150) Importer(815301076,1909f56bfc062723c751e8b465ee728b)
Start importing Assets/Scenes/StartScene.unity using Guid(5c317a4daef98a14fbaee6daf05b5150) Importer(815301076,1909f56bfc062723c751e8b465ee728b)  -> (artifact id: 'fe19a439867ac714f2428e7ac51b080d') in 0.012866 seconds
  Import took 0.015824 seconds .

========================================================================
Received Import Request.
  Time since last request: 0.833468 seconds.
  path: Assets/Scenes/MainScene.unity
  artifactKey: Guid(9fc0d4010bbf28b4594072e72b8655ab) Importer(815301076,1909f56bfc062723c751e8b465ee728b)
Start importing Assets/Scenes/MainScene.unity using Guid(9fc0d4010bbf28b4594072e72b8655ab) Importer(815301076,1909f56bfc062723c751e8b465ee728b)  -> (artifact id: 'c52fec8c8084cc963fed3a486511a400') in 0.003401 seconds
  Import took 0.007317 seconds .

========================================================================
Received Prepare
Registering precompiled user dll's ...
Registered in 0.001154 seconds.
Begin MonoManager ReloadAssembly
Native extension for WindowsStandalone target not found
Refreshing native plugins compatible for Editor in 0.37 ms, found 0 plugins.
Preloading 0 native plugins for Editor in 0.00 ms.
Mono: successfully reloaded assembly
- Completed reload, in  1.662 seconds
Platform modules already initialized, skipping
Refreshing native plugins compatible for Editor in 0.51 ms, found 0 plugins.
Preloading 0 native plugins for Editor in 0.00 ms.
Unloading 1170 Unused Serialized files (Serialized files now loaded: 0)
System memory in use before: 74.8 MB.
System memory in use after: 74.9 MB.

Unloading 4 unused Assets to reduce memory usage. Loaded Objects now: 1657.
Total: 2.556200 ms (FindLiveObjects: 0.251000 ms CreateObjectMapping: 0.169500 ms MarkObjects: 2.117000 ms  DeleteObjects: 0.016200 ms)

========================================================================
Received Prepare
Registering precompiled user dll's ...
Registered in 0.000907 seconds.
Begin MonoManager ReloadAssembly
Native extension for WindowsStandalone target not found
Refreshing native plugins compatible for Editor in 0.77 ms, found 0 plugins.
Preloading 0 native plugins for Editor in 0.00 ms.
Mono: successfully reloaded assembly
- Completed reload, in  1.619 seconds
Platform modules already initialized, skipping
Refreshing native plugins compatible for Editor in 0.26 ms, found 0 plugins.
Preloading 0 native plugins for Editor in 0.00 ms.
Unloading 1170 Unused Serialized files (Serialized files now loaded: 0)
System memory in use before: 74.9 MB.
System memory in use after: 75.0 MB.

Unloading 4 unused Assets to reduce memory usage. Loaded Objects now: 1660.
Total: 2.409900 ms (FindLiveObjects: 0.164100 ms CreateObjectMapping: 0.065100 ms MarkObjects: 2.156900 ms  DeleteObjects: 0.017600 ms)

========================================================================
Received Prepare
Registering precompiled user dll's ...
Registered in 0.000834 seconds.
Begin MonoManager ReloadAssembly
Native extension for WindowsStandalone target not found
Refreshing native plugins compatible for Editor in 0.23 ms, found 0 plugins.
Preloading 0 native plugins for Editor in 0.00 ms.
Mono: successfully reloaded assembly
- Completed reload, in  1.091 seconds
Platform modules already initialized, skipping
Refreshing native plugins compatible for Editor in 0.26 ms, found 0 plugins.
Preloading 0 native plugins for Editor in 0.00 ms.
Unloading 1170 Unused Serialized files (Serialized files now loaded: 0)
System memory in use before: 74.9 MB.
System memory in use after: 75.0 MB.

Unloading 4 unused Assets to reduce memory usage. Loaded Objects now: 1663.
Total: 1.911800 ms (FindLiveObjects: 0.150400 ms CreateObjectMapping: 0.046000 ms MarkObjects: 1.693800 ms  DeleteObjects: 0.019600 ms)

========================================================================
Received Prepare
Registering precompiled user dll's ...
Registered in 0.000813 seconds.
Begin MonoManager ReloadAssembly
Native extension for WindowsStandalone target not found
Refreshing native plugins compatible for Editor in 0.26 ms, found 0 plugins.
Preloading 0 native plugins for Editor in 0.00 ms.
Mono: successfully reloaded assembly
- Completed reload, in  1.197 seconds
Platform modules already initialized, skipping
Refreshing native plugins compatible for Editor in 0.23 ms, found 0 plugins.
Preloading 0 native plugins for Editor in 0.00 ms.
Unloading 1170 Unused Serialized files (Serialized files now loaded: 0)
System memory in use before: 74.9 MB.
System memory in use after: 75.0 MB.

Unloading 4 unused Assets to reduce memory usage. Loaded Objects now: 1666.
Total: 1.764400 ms (FindLiveObjects: 0.230500 ms CreateObjectMapping: 0.046200 ms MarkObjects: 1.471400 ms  DeleteObjects: 0.014800 ms)

========================================================================
Received Prepare
Registering precompiled user dll's ...
Registered in 0.000907 seconds.
Begin MonoManager ReloadAssembly
Native extension for WindowsStandalone target not found
Refreshing native plugins compatible for Editor in 0.23 ms, found 0 plugins.
Preloading 0 native plugins for Editor in 0.00 ms.
Mono: successfully reloaded assembly
- Completed reload, in  1.006 seconds
Platform modules already initialized, skipping
Refreshing native plugins compatible for Editor in 0.26 ms, found 0 plugins.
Preloading 0 native plugins for Editor in 0.00 ms.
Unloading 1170 Unused Serialized files (Serialized files now loaded: 0)
System memory in use before: 74.9 MB.
System memory in use after: 75.0 MB.

Unloading 4 unused Assets to reduce memory usage. Loaded Objects now: 1669.
Total: 1.831800 ms (FindLiveObjects: 0.222800 ms CreateObjectMapping: 0.033900 ms MarkObjects: 1.561200 ms  DeleteObjects: 0.012500 ms)

========================================================================
Received Prepare
Registering precompiled user dll's ...
Registered in 0.000840 seconds.
Begin MonoManager ReloadAssembly
Native extension for WindowsStandalone target not found
Refreshing native plugins compatible for Editor in 0.23 ms, found 0 plugins.
Preloading 0 native plugins for Editor in 0.00 ms.
Mono: successfully reloaded assembly
- Completed reload, in  1.019 seconds
Platform modules already initialized, skipping
Refreshing native plugins compatible for Editor in 0.43 ms, found 0 plugins.
Preloading 0 native plugins for Editor in 0.00 ms.
Unloading 1170 Unused Serialized files (Serialized files now loaded: 0)
System memory in use before: 74.9 MB.
System memory in use after: 75.0 MB.

Unloading 4 unused Assets to reduce memory usage. Loaded Objects now: 1672.
Total: 2.087300 ms (FindLiveObjects: 0.179200 ms CreateObjectMapping: 0.046400 ms MarkObjects: 1.810400 ms  DeleteObjects: 0.049000 ms)

========================================================================
Received Prepare
Registering precompiled user dll's ...
Registered in 0.000827 seconds.
Begin MonoManager ReloadAssembly
Native extension for WindowsStandalone target not found
Refreshing native plugins compatible for Editor in 0.23 ms, found 0 plugins.
Preloading 0 native plugins for Editor in 0.00 ms.
Mono: successfully reloaded assembly
- Completed reload, in  0.982 seconds
Platform modules already initialized, skipping
Refreshing native plugins compatible for Editor in 0.24 ms, found 0 plugins.
Preloading 0 native plugins for Editor in 0.00 ms.
Unloading 1170 Unused Serialized files (Serialized files now loaded: 0)
System memory in use before: 74.9 MB.
System memory in use after: 75.0 MB.

Unloading 4 unused Assets to reduce memory usage. Loaded Objects now: 1675.
Total: 2.296000 ms (FindLiveObjects: 0.170700 ms CreateObjectMapping: 0.049200 ms MarkObjects: 2.060600 ms  DeleteObjects: 0.014600 ms)

========================================================================
Received Prepare
Registering precompiled user dll's ...
Registered in 0.001136 seconds.
Begin MonoManager ReloadAssembly
Native extension for WindowsStandalone target not found
Refreshing native plugins compatible for Editor in 0.25 ms, found 0 plugins.
Preloading 0 native plugins for Editor in 0.00 ms.
Mono: successfully reloaded assembly
- Completed reload, in  1.639 seconds
Platform modules already initialized, skipping
Refreshing native plugins compatible for Editor in 0.33 ms, found 0 plugins.
Preloading 0 native plugins for Editor in 0.00 ms.
Unloading 1170 Unused Serialized files (Serialized files now loaded: 0)
System memory in use before: 74.9 MB.
System memory in use after: 75.0 MB.

Unloading 4 unused Assets to reduce memory usage. Loaded Objects now: 1678.
Total: 1.787800 ms (FindLiveObjects: 0.157800 ms CreateObjectMapping: 0.047700 ms MarkObjects: 1.566300 ms  DeleteObjects: 0.015000 ms)

========================================================================
Received Prepare
Registering precompiled user dll's ...
Registered in 0.000797 seconds.
Begin MonoManager ReloadAssembly
Native extension for WindowsStandalone target not found
Refreshing native plugins compatible for Editor in 0.23 ms, found 0 plugins.
Preloading 0 native plugins for Editor in 0.00 ms.
Mono: successfully reloaded assembly
- Completed reload, in  1.012 seconds
Platform modules already initialized, skipping
Refreshing native plugins compatible for Editor in 0.23 ms, found 0 plugins.
Preloading 0 native plugins for Editor in 0.00 ms.
Unloading 1170 Unused Serialized files (Serialized files now loaded: 0)
System memory in use before: 74.9 MB.
System memory in use after: 75.0 MB.

Unloading 4 unused Assets to reduce memory usage. Loaded Objects now: 1681.
Total: 1.803700 ms (FindLiveObjects: 0.154000 ms CreateObjectMapping: 0.041200 ms MarkObjects: 1.574100 ms  DeleteObjects: 0.033000 ms)

========================================================================
Received Prepare
Registering precompiled user dll's ...
Registered in 0.001378 seconds.
Begin MonoManager ReloadAssembly
Native extension for WindowsStandalone target not found
Refreshing native plugins compatible for Editor in 0.32 ms, found 0 plugins.
Preloading 0 native plugins for Editor in 0.00 ms.
Mono: successfully reloaded assembly
- Completed reload, in  1.749 seconds
Platform modules already initialized, skipping
Refreshing native plugins compatible for Editor in 0.68 ms, found 0 plugins.
Preloading 0 native plugins for Editor in 0.00 ms.
Unloading 1170 Unused Serialized files (Serialized files now loaded: 0)
System memory in use before: 74.9 MB.
System memory in use after: 75.0 MB.

Unloading 4 unused Assets to reduce memory usage. Loaded Objects now: 1684.
Total: 2.433000 ms (FindLiveObjects: 0.295000 ms CreateObjectMapping: 0.069000 ms MarkObjects: 2.050100 ms  DeleteObjects: 0.016400 ms)

========================================================================
Received Prepare
Registering precompiled user dll's ...
Registered in 0.000828 seconds.
Begin MonoManager ReloadAssembly
Native extension for WindowsStandalone target not found
Refreshing native plugins compatible for Editor in 0.28 ms, found 0 plugins.
Preloading 0 native plugins for Editor in 0.00 ms.
Mono: successfully reloaded assembly
- Completed reload, in  1.043 seconds
Platform modules already initialized, skipping
Refreshing native plugins compatible for Editor in 0.25 ms, found 0 plugins.
Preloading 0 native plugins for Editor in 0.00 ms.
Unloading 1170 Unused Serialized files (Serialized files now loaded: 0)
System memory in use before: 74.9 MB.
System memory in use after: 75.0 MB.

Unloading 4 unused Assets to reduce memory usage. Loaded Objects now: 1687.
Total: 1.893600 ms (FindLiveObjects: 0.209800 ms CreateObjectMapping: 0.039900 ms MarkObjects: 1.629900 ms  DeleteObjects: 0.012800 ms)

========================================================================
Received Prepare
Registering precompiled user dll's ...
Registered in 0.000955 seconds.
Begin MonoManager ReloadAssembly
Native extension for WindowsStandalone target not found
Refreshing native plugins compatible for Editor in 0.30 ms, found 0 plugins.
Preloading 0 native plugins for Editor in 0.00 ms.
Mono: successfully reloaded assembly
- Completed reload, in  1.030 seconds
Platform modules already initialized, skipping
Refreshing native plugins compatible for Editor in 0.23 ms, found 0 plugins.
Preloading 0 native plugins for Editor in 0.00 ms.
Unloading 1170 Unused Serialized files (Serialized files now loaded: 0)
System memory in use before: 74.9 MB.
System memory in use after: 75.0 MB.

Unloading 4 unused Assets to reduce memory usage. Loaded Objects now: 1690.
Total: 1.714100 ms (FindLiveObjects: 0.159400 ms CreateObjectMapping: 0.046900 ms MarkObjects: 1.489700 ms  DeleteObjects: 0.015800 ms)

========================================================================
Received Prepare
Registering precompiled user dll's ...
Registered in 0.001018 seconds.
Begin MonoManager ReloadAssembly
Native extension for WindowsStandalone target not found
Refreshing native plugins compatible for Editor in 0.24 ms, found 0 plugins.
Preloading 0 native plugins for Editor in 0.00 ms.
Mono: successfully reloaded assembly
- Completed reload, in  0.998 seconds
Platform modules already initialized, skipping
Refreshing native plugins compatible for Editor in 0.24 ms, found 0 plugins.
Preloading 0 native plugins for Editor in 0.00 ms.
Unloading 1170 Unused Serialized files (Serialized files now loaded: 0)
System memory in use before: 74.9 MB.
System memory in use after: 75.0 MB.

Unloading 4 unused Assets to reduce memory usage. Loaded Objects now: 1693.
Total: 1.987000 ms (FindLiveObjects: 0.169800 ms CreateObjectMapping: 0.039200 ms MarkObjects: 1.744600 ms  DeleteObjects: 0.032300 ms)

========================================================================
Received Prepare
Registering precompiled user dll's ...
Registered in 0.000836 seconds.
Begin MonoManager ReloadAssembly
Native extension for WindowsStandalone target not found
Refreshing native plugins compatible for Editor in 0.24 ms, found 0 plugins.
Preloading 0 native plugins for Editor in 0.00 ms.
Mono: successfully reloaded assembly
- Completed reload, in  1.049 seconds
Platform modules already initialized, skipping
Refreshing native plugins compatible for Editor in 0.24 ms, found 0 plugins.
Preloading 0 native plugins for Editor in 0.00 ms.
Unloading 1170 Unused Serialized files (Serialized files now loaded: 0)
System memory in use before: 74.9 MB.
System memory in use after: 75.0 MB.

Unloading 4 unused Assets to reduce memory usage. Loaded Objects now: 1696.
Total: 2.871800 ms (FindLiveObjects: 0.359200 ms CreateObjectMapping: 0.227500 ms MarkObjects: 2.266900 ms  DeleteObjects: 0.016700 ms)

========================================================================
Received Prepare
Registering precompiled user dll's ...
Registered in 0.000815 seconds.
Begin MonoManager ReloadAssembly
Native extension for WindowsStandalone target not found
Refreshing native plugins compatible for Editor in 0.25 ms, found 0 plugins.
Preloading 0 native plugins for Editor in 0.00 ms.
Mono: successfully reloaded assembly
- Completed reload, in  1.030 seconds
Platform modules already initialized, skipping
Refreshing native plugins compatible for Editor in 0.24 ms, found 0 plugins.
Preloading 0 native plugins for Editor in 0.00 ms.
Unloading 1170 Unused Serialized files (Serialized files now loaded: 0)
System memory in use before: 74.9 MB.
System memory in use after: 75.1 MB.

Unloading 4 unused Assets to reduce memory usage. Loaded Objects now: 1699.
Total: 1.881900 ms (FindLiveObjects: 0.170900 ms CreateObjectMapping: 0.063400 ms MarkObjects: 1.617300 ms  DeleteObjects: 0.029000 ms)

========================================================================
Received Prepare
Registering precompiled user dll's ...
Registered in 0.001075 seconds.
Begin MonoManager ReloadAssembly
Native extension for WindowsStandalone target not found
Refreshing native plugins compatible for Editor in 0.22 ms, found 0 plugins.
Preloading 0 native plugins for Editor in 0.00 ms.
Mono: successfully reloaded assembly
- Completed reload, in  1.004 seconds
Platform modules already initialized, skipping
Refreshing native plugins compatible for Editor in 0.27 ms, found 0 plugins.
Preloading 0 native plugins for Editor in 0.00 ms.
Unloading 1170 Unused Serialized files (Serialized files now loaded: 0)
System memory in use before: 75.0 MB.
System memory in use after: 75.1 MB.

Unloading 4 unused Assets to reduce memory usage. Loaded Objects now: 1702.
Total: 1.999000 ms (FindLiveObjects: 0.161700 ms CreateObjectMapping: 0.048100 ms MarkObjects: 1.769200 ms  DeleteObjects: 0.018400 ms)

========================================================================
Received Prepare
Registering precompiled user dll's ...
Registered in 0.000889 seconds.
Begin MonoManager ReloadAssembly
Native extension for WindowsStandalone target not found
Refreshing native plugins compatible for Editor in 0.22 ms, found 0 plugins.
Preloading 0 native plugins for Editor in 0.00 ms.
Mono: successfully reloaded assembly
- Completed reload, in  0.998 seconds
Platform modules already initialized, skipping
Refreshing native plugins compatible for Editor in 0.23 ms, found 0 plugins.
Preloading 0 native plugins for Editor in 0.00 ms.
Unloading 1170 Unused Serialized files (Serialized files now loaded: 0)
System memory in use before: 75.0 MB.
System memory in use after: 75.1 MB.

Unloading 4 unused Assets to reduce memory usage. Loaded Objects now: 1705.
Total: 1.769100 ms (FindLiveObjects: 0.145300 ms CreateObjectMapping: 0.041000 ms MarkObjects: 1.531300 ms  DeleteObjects: 0.050300 ms)

========================================================================
Received Prepare
Registering precompiled user dll's ...
Registered in 0.001157 seconds.
Begin MonoManager ReloadAssembly
Native extension for WindowsStandalone target not found
Refreshing native plugins compatible for Editor in 0.24 ms, found 0 plugins.
Preloading 0 native plugins for Editor in 0.00 ms.
Mono: successfully reloaded assembly
- Completed reload, in  0.977 seconds
Platform modules already initialized, skipping
Refreshing native plugins compatible for Editor in 0.24 ms, found 0 plugins.
Preloading 0 native plugins for Editor in 0.00 ms.
Unloading 1170 Unused Serialized files (Serialized files now loaded: 0)
System memory in use before: 75.0 MB.
System memory in use after: 75.1 MB.

Unloading 4 unused Assets to reduce memory usage. Loaded Objects now: 1708.
Total: 2.520500 ms (FindLiveObjects: 0.167100 ms CreateObjectMapping: 0.102300 ms MarkObjects: 2.231900 ms  DeleteObjects: 0.017400 ms)

========================================================================
Received Import Request.
  Time since last request: 4727.993057 seconds.
  path: Assets/Prefabs/Enemy.prefab
  artifactKey: Guid(2aa19ad0c11b05744b5d27c244b63791) Importer(815301076,1909f56bfc062723c751e8b465ee728b)
Start importing Assets/Prefabs/Enemy.prefab using Guid(2aa19ad0c11b05744b5d27c244b63791) Importer(815301076,1909f56bfc062723c751e8b465ee728b)  -> (artifact id: 'e3ac24fbe0c57453260eb11d21afcace') in 0.159562 seconds
  Import took 0.163755 seconds .

========================================================================
Received Prepare
Registering precompiled user dll's ...
Registered in 0.000915 seconds.
Begin MonoManager ReloadAssembly
Native extension for WindowsStandalone target not found
Refreshing native plugins compatible for Editor in 0.24 ms, found 0 plugins.
Preloading 0 native plugins for Editor in 0.00 ms.
Mono: successfully reloaded assembly
- Completed reload, in  1.010 seconds
Platform modules already initialized, skipping
Refreshing native plugins compatible for Editor in 0.24 ms, found 0 plugins.
Preloading 0 native plugins for Editor in 0.00 ms.
Unloading 1170 Unused Serialized files (Serialized files now loaded: 0)
System memory in use before: 78.2 MB.
System memory in use after: 78.3 MB.

Unloading 5 unused Assets to reduce memory usage. Loaded Objects now: 1722.
Total: 2.517900 ms (FindLiveObjects: 0.173200 ms CreateObjectMapping: 0.040300 ms MarkObjects: 2.279000 ms  DeleteObjects: 0.024300 ms)

========================================================================
Received Prepare
Registering precompiled user dll's ...
Registered in 0.001741 seconds.
Begin MonoManager ReloadAssembly
Native extension for WindowsStandalone target not found
Refreshing native plugins compatible for Editor in 0.31 ms, found 0 plugins.
Preloading 0 native plugins for Editor in 0.00 ms.
Mono: successfully reloaded assembly
- Completed reload, in  1.019 seconds
Platform modules already initialized, skipping
Refreshing native plugins compatible for Editor in 0.26 ms, found 0 plugins.
Preloading 0 native plugins for Editor in 0.00 ms.
Unloading 1170 Unused Serialized files (Serialized files now loaded: 0)
System memory in use before: 78.2 MB.
System memory in use after: 78.3 MB.

Unloading 4 unused Assets to reduce memory usage. Loaded Objects now: 1725.
Total: 1.801400 ms (FindLiveObjects: 0.169200 ms CreateObjectMapping: 0.043800 ms MarkObjects: 1.571700 ms  DeleteObjects: 0.015800 ms)

========================================================================
Received Prepare
Registering precompiled user dll's ...
Registered in 0.000909 seconds.
Begin MonoManager ReloadAssembly
Native extension for WindowsStandalone target not found
Refreshing native plugins compatible for Editor in 0.44 ms, found 0 plugins.
Preloading 0 native plugins for Editor in 0.00 ms.
Mono: successfully reloaded assembly
- Completed reload, in  1.027 seconds
Platform modules already initialized, skipping
Refreshing native plugins compatible for Editor in 0.24 ms, found 0 plugins.
Preloading 0 native plugins for Editor in 0.00 ms.
Unloading 1170 Unused Serialized files (Serialized files now loaded: 0)
System memory in use before: 78.2 MB.
System memory in use after: 78.3 MB.

Unloading 4 unused Assets to reduce memory usage. Loaded Objects now: 1728.
Total: 3.033100 ms (FindLiveObjects: 0.183700 ms CreateObjectMapping: 0.046500 ms MarkObjects: 2.758300 ms  DeleteObjects: 0.043000 ms)

========================================================================
Received Import Request.
  Time since last request: 989.195401 seconds.
  path: ProjectSettings/TagManager.asset
  artifactKey: Guid(00000000000000003000000000000000) Importer(815301076,1909f56bfc062723c751e8b465ee728b)
Start importing ProjectSettings/TagManager.asset using Guid(00000000000000003000000000000000) Importer(815301076,1909f56bfc062723c751e8b465ee728b)  -> (artifact id: 'bfe3826ccf88df0bbc161797aabbf15f') in 0.023619 seconds
  Import took 0.029402 seconds .

========================================================================
Received Import Request.
  Time since last request: 0.020565 seconds.
  path: ProjectSettings/TagManager.asset
  artifactKey: Guid(00000000000000003000000000000000) Importer(815301076,1909f56bfc062723c751e8b465ee728b)
Start importing ProjectSettings/TagManager.asset using Guid(00000000000000003000000000000000) Importer(815301076,1909f56bfc062723c751e8b465ee728b)  -> (artifact id: 'bfe3826ccf88df0bbc161797aabbf15f') in 0.003368 seconds
  Import took 0.007214 seconds .

========================================================================
Received Prepare
Registering precompiled user dll's ...
Registered in 0.000889 seconds.
Begin MonoManager ReloadAssembly
Native extension for WindowsStandalone target not found
Refreshing native plugins compatible for Editor in 0.22 ms, found 0 plugins.
Preloading 0 native plugins for Editor in 0.00 ms.
Mono: successfully reloaded assembly
- Completed reload, in  0.950 seconds
Platform modules already initialized, skipping
Refreshing native plugins compatible for Editor in 0.27 ms, found 0 plugins.
Preloading 0 native plugins for Editor in 0.00 ms.
Unloading 1170 Unused Serialized files (Serialized files now loaded: 0)
System memory in use before: 78.2 MB.
System memory in use after: 78.3 MB.

Unloading 6 unused Assets to reduce memory usage. Loaded Objects now: 1731.
Total: 1.931300 ms (FindLiveObjects: 0.223200 ms CreateObjectMapping: 0.039800 ms MarkObjects: 1.615200 ms  DeleteObjects: 0.052000 ms)

========================================================================
Received Import Request.
  Time since last request: 25.581771 seconds.
  path: Assets/Prefabs/Player.prefab
  artifactKey: Guid(979b2dc351807ab419bf8107a49f4e3d) Importer(815301076,1909f56bfc062723c751e8b465ee728b)
Start importing Assets/Prefabs/Player.prefab using Guid(979b2dc351807ab419bf8107a49f4e3d) Importer(815301076,1909f56bfc062723c751e8b465ee728b)  -> (artifact id: 'da1fb152e2d5395fe394392dd43dd2b9') in 0.083100 seconds
  Import took 0.088456 seconds .

========================================================================
Received Prepare
Registering precompiled user dll's ...
Registered in 0.000966 seconds.
Begin MonoManager ReloadAssembly
Native extension for WindowsStandalone target not found
Refreshing native plugins compatible for Editor in 0.28 ms, found 0 plugins.
Preloading 0 native plugins for Editor in 0.00 ms.
Mono: successfully reloaded assembly
- Completed reload, in  1.665 seconds
Platform modules already initialized, skipping
Refreshing native plugins compatible for Editor in 0.45 ms, found 0 plugins.
Preloading 0 native plugins for Editor in 0.00 ms.
Unloading 1170 Unused Serialized files (Serialized files now loaded: 0)
System memory in use before: 78.3 MB.
System memory in use after: 78.4 MB.

Unloading 5 unused Assets to reduce memory usage. Loaded Objects now: 1735.
Total: 3.598200 ms (FindLiveObjects: 0.273800 ms CreateObjectMapping: 0.063800 ms MarkObjects: 3.235300 ms  DeleteObjects: 0.023800 ms)

========================================================================
Received Import Request.
  Time since last request: 110.725958 seconds.
  path: Assets/Prefabs/Player.prefab
  artifactKey: Guid(979b2dc351807ab419bf8107a49f4e3d) Importer(815301076,1909f56bfc062723c751e8b465ee728b)
Start importing Assets/Prefabs/Player.prefab using Guid(979b2dc351807ab419bf8107a49f4e3d) Importer(815301076,1909f56bfc062723c751e8b465ee728b)  -> (artifact id: 'eb2256e84757ba8b3ff132250be74a1b') in 0.089516 seconds
  Import took 0.095022 seconds .

========================================================================
Received Prepare
Registering precompiled user dll's ...
Registered in 0.001235 seconds.
Begin MonoManager ReloadAssembly
Native extension for WindowsStandalone target not found
Refreshing native plugins compatible for Editor in 0.23 ms, found 0 plugins.
Preloading 0 native plugins for Editor in 0.00 ms.
Mono: successfully reloaded assembly
- Completed reload, in  0.976 seconds
Platform modules already initialized, skipping
Refreshing native plugins compatible for Editor in 0.26 ms, found 0 plugins.
Preloading 0 native plugins for Editor in 0.00 ms.
Unloading 1170 Unused Serialized files (Serialized files now loaded: 0)
System memory in use before: 78.3 MB.
System memory in use after: 78.4 MB.

Unloading 5 unused Assets to reduce memory usage. Loaded Objects now: 1739.
Total: 2.237400 ms (FindLiveObjects: 0.363900 ms CreateObjectMapping: 0.106900 ms MarkObjects: 1.746600 ms  DeleteObjects: 0.018500 ms)

========================================================================
Received Import Request.
  Time since last request: 121.491512 seconds.
  path: Assets/Prefabs/Player.prefab
  artifactKey: Guid(979b2dc351807ab419bf8107a49f4e3d) Importer(815301076,1909f56bfc062723c751e8b465ee728b)
Start importing Assets/Prefabs/Player.prefab using Guid(979b2dc351807ab419bf8107a49f4e3d) Importer(815301076,1909f56bfc062723c751e8b465ee728b)  -> (artifact id: '5a70a51edf62411b26bdbca5c61f0479') in 0.080302 seconds
  Import took 0.086639 seconds .

========================================================================
Received Prepare
Registering precompiled user dll's ...
Registered in 0.000876 seconds.
Begin MonoManager ReloadAssembly
Native extension for WindowsStandalone target not found
Refreshing native plugins compatible for Editor in 0.28 ms, found 0 plugins.
Preloading 0 native plugins for Editor in 0.00 ms.
Mono: successfully reloaded assembly
- Completed reload, in  1.612 seconds
Platform modules already initialized, skipping
Refreshing native plugins compatible for Editor in 0.34 ms, found 0 plugins.
Preloading 0 native plugins for Editor in 0.00 ms.
Unloading 1170 Unused Serialized files (Serialized files now loaded: 0)
System memory in use before: 78.3 MB.
System memory in use after: 78.4 MB.

Unloading 5 unused Assets to reduce memory usage. Loaded Objects now: 1743.
Total: 2.772000 ms (FindLiveObjects: 0.399200 ms CreateObjectMapping: 0.064500 ms MarkObjects: 2.278800 ms  DeleteObjects: 0.021400 ms)

========================================================================
Received Import Request.
  Time since last request: 112.546403 seconds.
  path: Assets/Prefabs/Player.prefab
  artifactKey: Guid(979b2dc351807ab419bf8107a49f4e3d) Importer(815301076,1909f56bfc062723c751e8b465ee728b)
Start importing Assets/Prefabs/Player.prefab using Guid(979b2dc351807ab419bf8107a49f4e3d) Importer(815301076,1909f56bfc062723c751e8b465ee728b)  -> (artifact id: '3fac648b5ff427e1762cb11350747572') in 0.091749 seconds
  Import took 0.096446 seconds .

========================================================================
Received Prepare
Registering precompiled user dll's ...
Registered in 0.000812 seconds.
Begin MonoManager ReloadAssembly
Native extension for WindowsStandalone target not found
Refreshing native plugins compatible for Editor in 0.23 ms, found 0 plugins.
Preloading 0 native plugins for Editor in 0.00 ms.
Mono: successfully reloaded assembly
- Completed reload, in  0.949 seconds
Platform modules already initialized, skipping
Refreshing native plugins compatible for Editor in 0.25 ms, found 0 plugins.
Preloading 0 native plugins for Editor in 0.00 ms.
Unloading 1170 Unused Serialized files (Serialized files now loaded: 0)
System memory in use before: 78.3 MB.
System memory in use after: 78.4 MB.

Unloading 5 unused Assets to reduce memory usage. Loaded Objects now: 1747.
Total: 1.712400 ms (FindLiveObjects: 0.166400 ms CreateObjectMapping: 0.056100 ms MarkObjects: 1.472800 ms  DeleteObjects: 0.016200 ms)

========================================================================
Received Import Request.
  Time since last request: 58.485293 seconds.
  path: Assets/Prefabs/Player.prefab
  artifactKey: Guid(979b2dc351807ab419bf8107a49f4e3d) Importer(815301076,1909f56bfc062723c751e8b465ee728b)
Start importing Assets/Prefabs/Player.prefab using Guid(979b2dc351807ab419bf8107a49f4e3d) Importer(815301076,1909f56bfc062723c751e8b465ee728b)  -> (artifact id: '4192fe8a817fb2df796af6ac58d02363') in 0.106098 seconds
  Import took 0.110595 seconds .

========================================================================
Received Prepare
Registering precompiled user dll's ...
Registered in 0.000980 seconds.
Begin MonoManager ReloadAssembly
Native extension for WindowsStandalone target not found
Refreshing native plugins compatible for Editor in 0.22 ms, found 0 plugins.
Preloading 0 native plugins for Editor in 0.00 ms.
Mono: successfully reloaded assembly
- Completed reload, in  0.926 seconds
Platform modules already initialized, skipping
Refreshing native plugins compatible for Editor in 0.27 ms, found 0 plugins.
Preloading 0 native plugins for Editor in 0.00 ms.
Unloading 1170 Unused Serialized files (Serialized files now loaded: 0)
System memory in use before: 78.3 MB.
System memory in use after: 78.4 MB.

Unloading 5 unused Assets to reduce memory usage. Loaded Objects now: 1751.
Total: 2.778400 ms (FindLiveObjects: 0.337100 ms CreateObjectMapping: 0.157300 ms MarkObjects: 2.216600 ms  DeleteObjects: 0.051200 ms)

========================================================================
Received Import Request.
  Time since last request: 52.632205 seconds.
  path: Assets/Prefabs/Bullet.prefab
  artifactKey: Guid(d5be851299fd5324e8d4bd8c1c817d2a) Importer(815301076,1909f56bfc062723c751e8b465ee728b)
Start importing Assets/Prefabs/Bullet.prefab using Guid(d5be851299fd5324e8d4bd8c1c817d2a) Importer(815301076,1909f56bfc062723c751e8b465ee728b)  -> (artifact id: '4280fc9edf3e4ac0e82d46c237eaf796') in 0.082817 seconds
  Import took 0.085683 seconds .

========================================================================
Received Prepare
Registering precompiled user dll's ...
Registered in 0.000842 seconds.
Begin MonoManager ReloadAssembly
Native extension for WindowsStandalone target not found
Refreshing native plugins compatible for Editor in 0.28 ms, found 0 plugins.
Preloading 0 native plugins for Editor in 0.00 ms.
Mono: successfully reloaded assembly
- Completed reload, in  0.964 seconds
Platform modules already initialized, skipping
Refreshing native plugins compatible for Editor in 0.26 ms, found 0 plugins.
Preloading 0 native plugins for Editor in 0.00 ms.
Unloading 1170 Unused Serialized files (Serialized files now loaded: 0)
System memory in use before: 78.4 MB.
System memory in use after: 78.5 MB.

Unloading 4 unused Assets to reduce memory usage. Loaded Objects now: 1755.
Total: 2.018500 ms (FindLiveObjects: 0.229000 ms CreateObjectMapping: 0.043000 ms MarkObjects: 1.716500 ms  DeleteObjects: 0.028600 ms)

========================================================================
Received Import Request.
  Time since last request: 47.398284 seconds.
  path: Assets/Prefabs/Player.prefab
  artifactKey: Guid(979b2dc351807ab419bf8107a49f4e3d) Importer(815301076,1909f56bfc062723c751e8b465ee728b)
Start importing Assets/Prefabs/Player.prefab using Guid(979b2dc351807ab419bf8107a49f4e3d) Importer(815301076,1909f56bfc062723c751e8b465ee728b)  -> (artifact id: '793f7ad6c0847817d157544f6cfc56fd') in 0.082882 seconds
  Import took 0.089358 seconds .

========================================================================
Received Import Request.
  Time since last request: 0.322752 seconds.
  path: Assets/Prefabs/Player.prefab
  artifactKey: Guid(979b2dc351807ab419bf8107a49f4e3d) Importer(815301076,1909f56bfc062723c751e8b465ee728b)
Start importing Assets/Prefabs/Player.prefab using Guid(979b2dc351807ab419bf8107a49f4e3d) Importer(815301076,1909f56bfc062723c751e8b465ee728b)  -> (artifact id: 'd39c89ee18bd0ae8d47f60db1392b05c') in 0.025035 seconds
  Import took 0.029783 seconds .

========================================================================
Received Import Request.
  Time since last request: 5.123215 seconds.
  path: Assets/Prefabs/Player.prefab
  artifactKey: Guid(979b2dc351807ab419bf8107a49f4e3d) Importer(815301076,1909f56bfc062723c751e8b465ee728b)
Start importing Assets/Prefabs/Player.prefab using Guid(979b2dc351807ab419bf8107a49f4e3d) Importer(815301076,1909f56bfc062723c751e8b465ee728b)  -> (artifact id: 'b63a88708356fd3315f98e84057e7e22') in 0.026637 seconds
  Import took 0.029910 seconds .

========================================================================
Received Prepare
Registering precompiled user dll's ...
Registered in 0.001119 seconds.
Begin MonoManager ReloadAssembly
Native extension for WindowsStandalone target not found
Refreshing native plugins compatible for Editor in 0.22 ms, found 0 plugins.
Preloading 0 native plugins for Editor in 0.00 ms.
Mono: successfully reloaded assembly
- Completed reload, in  1.031 seconds
Platform modules already initialized, skipping
Refreshing native plugins compatible for Editor in 0.26 ms, found 0 plugins.
Preloading 0 native plugins for Editor in 0.00 ms.
Unloading 1170 Unused Serialized files (Serialized files now loaded: 0)
System memory in use before: 78.5 MB.
System memory in use after: 78.6 MB.

Unloading 5 unused Assets to reduce memory usage. Loaded Objects now: 1759.
Total: 2.041600 ms (FindLiveObjects: 0.191900 ms CreateObjectMapping: 0.110600 ms MarkObjects: 1.693600 ms  DeleteObjects: 0.044100 ms)

========================================================================
Received Import Request.
  Time since last request: 132.717390 seconds.
  path: Assets/Prefabs/Player.prefab
  artifactKey: Guid(979b2dc351807ab419bf8107a49f4e3d) Importer(815301076,1909f56bfc062723c751e8b465ee728b)
Start importing Assets/Prefabs/Player.prefab using Guid(979b2dc351807ab419bf8107a49f4e3d) Importer(815301076,1909f56bfc062723c751e8b465ee728b)  -> (artifact id: 'cc29065b01b92db2cfc2f2096df2c281') in 0.095984 seconds
  Import took 0.101879 seconds .

========================================================================
Received Import Request.
  Time since last request: 33.064602 seconds.
  path: Assets/Prefabs/Player.prefab
  artifactKey: Guid(979b2dc351807ab419bf8107a49f4e3d) Importer(815301076,1909f56bfc062723c751e8b465ee728b)
Start importing Assets/Prefabs/Player.prefab using Guid(979b2dc351807ab419bf8107a49f4e3d) Importer(815301076,1909f56bfc062723c751e8b465ee728b)  -> (artifact id: 'e2f239a5ff036993b5725f495f219a01') in 0.027266 seconds
  Import took 0.031517 seconds .

========================================================================
Received Prepare
Registering precompiled user dll's ...
Registered in 0.000829 seconds.
Begin MonoManager ReloadAssembly
Native extension for WindowsStandalone target not found
Refreshing native plugins compatible for Editor in 0.22 ms, found 0 plugins.
Preloading 0 native plugins for Editor in 0.00 ms.
Mono: successfully reloaded assembly
- Completed reload, in  0.985 seconds
Platform modules already initialized, skipping
Refreshing native plugins compatible for Editor in 0.26 ms, found 0 plugins.
Preloading 0 native plugins for Editor in 0.00 ms.
Unloading 1170 Unused Serialized files (Serialized files now loaded: 0)
System memory in use before: 78.5 MB.
System memory in use after: 78.6 MB.

Unloading 5 unused Assets to reduce memory usage. Loaded Objects now: 1763.
Total: 2.066700 ms (FindLiveObjects: 0.168700 ms CreateObjectMapping: 0.041800 ms MarkObjects: 1.819500 ms  DeleteObjects: 0.035200 ms)

========================================================================
Received Prepare
Registering precompiled user dll's ...
Registered in 0.000886 seconds.
Begin MonoManager ReloadAssembly
Native extension for WindowsStandalone target not found
Refreshing native plugins compatible for Editor in 0.37 ms, found 0 plugins.
Preloading 0 native plugins for Editor in 0.00 ms.
Mono: successfully reloaded assembly
- Completed reload, in  0.979 seconds
Platform modules already initialized, skipping
Refreshing native plugins compatible for Editor in 0.27 ms, found 0 plugins.
Preloading 0 native plugins for Editor in 0.00 ms.
Unloading 1170 Unused Serialized files (Serialized files now loaded: 0)
System memory in use before: 78.5 MB.
System memory in use after: 78.6 MB.

Unloading 4 unused Assets to reduce memory usage. Loaded Objects now: 1766.
Total: 2.206900 ms (FindLiveObjects: 0.166200 ms CreateObjectMapping: 0.058800 ms MarkObjects: 1.960300 ms  DeleteObjects: 0.020400 ms)

========================================================================
Received Prepare
Registering precompiled user dll's ...
Registered in 0.001008 seconds.
Begin MonoManager ReloadAssembly
Native extension for WindowsStandalone target not found
Refreshing native plugins compatible for Editor in 0.22 ms, found 0 plugins.
Preloading 0 native plugins for Editor in 0.00 ms.
Mono: successfully reloaded assembly
- Completed reload, in  0.975 seconds
Platform modules already initialized, skipping
Refreshing native plugins compatible for Editor in 0.33 ms, found 0 plugins.
Preloading 0 native plugins for Editor in 0.00 ms.
Unloading 1170 Unused Serialized files (Serialized files now loaded: 0)
System memory in use before: 78.5 MB.
System memory in use after: 78.6 MB.

Unloading 4 unused Assets to reduce memory usage. Loaded Objects now: 1769.
Total: 2.373200 ms (FindLiveObjects: 0.165500 ms CreateObjectMapping: 0.033100 ms MarkObjects: 2.144700 ms  DeleteObjects: 0.028500 ms)

========================================================================
Received Import Request.
  Time since last request: 1167.256535 seconds.
  path: Assets/Prefabs/Player.prefab
  artifactKey: Guid(979b2dc351807ab419bf8107a49f4e3d) Importer(815301076,1909f56bfc062723c751e8b465ee728b)
Start importing Assets/Prefabs/Player.prefab using Guid(979b2dc351807ab419bf8107a49f4e3d) Importer(815301076,1909f56bfc062723c751e8b465ee728b)  -> (artifact id: '2df9ad76294a901620909f83056cc2de') in 0.088546 seconds
  Import took 0.091657 seconds .

========================================================================
Received Prepare
Registering precompiled user dll's ...
Registered in 0.000940 seconds.
Begin MonoManager ReloadAssembly
Native extension for WindowsStandalone target not found
Refreshing native plugins compatible for Editor in 0.24 ms, found 0 plugins.
Preloading 0 native plugins for Editor in 0.00 ms.
Mono: successfully reloaded assembly
- Completed reload, in  0.974 seconds
Platform modules already initialized, skipping
Refreshing native plugins compatible for Editor in 0.28 ms, found 0 plugins.
Preloading 0 native plugins for Editor in 0.00 ms.
Unloading 1170 Unused Serialized files (Serialized files now loaded: 0)
System memory in use before: 78.5 MB.
System memory in use after: 78.6 MB.

Unloading 5 unused Assets to reduce memory usage. Loaded Objects now: 1773.
Total: 2.084200 ms (FindLiveObjects: 0.167700 ms CreateObjectMapping: 0.077600 ms MarkObjects: 1.788100 ms  DeleteObjects: 0.049200 ms)

========================================================================
Received Prepare
Registering precompiled user dll's ...
Registered in 0.001664 seconds.
Begin MonoManager ReloadAssembly
Native extension for WindowsStandalone target not found
Refreshing native plugins compatible for Editor in 0.36 ms, found 0 plugins.
Preloading 0 native plugins for Editor in 0.00 ms.
Mono: successfully reloaded assembly
- Completed reload, in  1.650 seconds
Platform modules already initialized, skipping
Refreshing native plugins compatible for Editor in 0.53 ms, found 0 plugins.
Preloading 0 native plugins for Editor in 0.00 ms.
Unloading 1170 Unused Serialized files (Serialized files now loaded: 0)
System memory in use before: 78.5 MB.
System memory in use after: 78.6 MB.

Unloading 4 unused Assets to reduce memory usage. Loaded Objects now: 1776.
Total: 3.138700 ms (FindLiveObjects: 0.160000 ms CreateObjectMapping: 0.042200 ms MarkObjects: 2.918800 ms  DeleteObjects: 0.016500 ms)

========================================================================
Received Prepare
Registering precompiled user dll's ...
Registered in 0.000844 seconds.
Begin MonoManager ReloadAssembly
Native extension for WindowsStandalone target not found
Refreshing native plugins compatible for Editor in 0.22 ms, found 0 plugins.
Preloading 0 native plugins for Editor in 0.00 ms.
Mono: successfully reloaded assembly
- Completed reload, in  1.006 seconds
Platform modules already initialized, skipping
Refreshing native plugins compatible for Editor in 0.25 ms, found 0 plugins.
Preloading 0 native plugins for Editor in 0.00 ms.
Unloading 1170 Unused Serialized files (Serialized files now loaded: 0)
System memory in use before: 78.5 MB.
System memory in use after: 78.6 MB.

Unloading 4 unused Assets to reduce memory usage. Loaded Objects now: 1779.
Total: 2.017100 ms (FindLiveObjects: 0.347900 ms CreateObjectMapping: 0.047300 ms MarkObjects: 1.605000 ms  DeleteObjects: 0.015600 ms)

========================================================================
Received Prepare
Registering precompiled user dll's ...
Registered in 0.000890 seconds.
Begin MonoManager ReloadAssembly
Native extension for WindowsStandalone target not found
Refreshing native plugins compatible for Editor in 0.24 ms, found 0 plugins.
Preloading 0 native plugins for Editor in 0.00 ms.
Mono: successfully reloaded assembly
- Completed reload, in  0.923 seconds
Platform modules already initialized, skipping
Refreshing native plugins compatible for Editor in 0.26 ms, found 0 plugins.
Preloading 0 native plugins for Editor in 0.00 ms.
Unloading 1170 Unused Serialized files (Serialized files now loaded: 0)
System memory in use before: 78.5 MB.
System memory in use after: 78.6 MB.

Unloading 4 unused Assets to reduce memory usage. Loaded Objects now: 1782.
Total: 1.746100 ms (FindLiveObjects: 0.182600 ms CreateObjectMapping: 0.041800 ms MarkObjects: 1.478200 ms  DeleteObjects: 0.042500 ms)

========================================================================
Received Prepare
Registering precompiled user dll's ...
Registered in 0.000790 seconds.
Begin MonoManager ReloadAssembly
Native extension for WindowsStandalone target not found
Refreshing native plugins compatible for Editor in 0.23 ms, found 0 plugins.
Preloading 0 native plugins for Editor in 0.00 ms.
Mono: successfully reloaded assembly
- Completed reload, in  0.989 seconds
Platform modules already initialized, skipping
Refreshing native plugins compatible for Editor in 0.24 ms, found 0 plugins.
Preloading 0 native plugins for Editor in 0.00 ms.
Unloading 1170 Unused Serialized files (Serialized files now loaded: 0)
System memory in use before: 78.5 MB.
System memory in use after: 78.6 MB.

Unloading 4 unused Assets to reduce memory usage. Loaded Objects now: 1785.
Total: 2.345500 ms (FindLiveObjects: 0.331600 ms CreateObjectMapping: 0.046700 ms MarkObjects: 1.935200 ms  DeleteObjects: 0.030200 ms)

========================================================================
Received Prepare
Registering precompiled user dll's ...
Registered in 0.001369 seconds.
Begin MonoManager ReloadAssembly
Native extension for WindowsStandalone target not found
Refreshing native plugins compatible for Editor in 0.26 ms, found 0 plugins.
Preloading 0 native plugins for Editor in 0.00 ms.
Mono: successfully reloaded assembly
- Completed reload, in  1.007 seconds
Platform modules already initialized, skipping
Refreshing native plugins compatible for Editor in 0.26 ms, found 0 plugins.
Preloading 0 native plugins for Editor in 0.00 ms.
Unloading 1170 Unused Serialized files (Serialized files now loaded: 0)
System memory in use before: 78.5 MB.
System memory in use after: 78.6 MB.

Unloading 4 unused Assets to reduce memory usage. Loaded Objects now: 1788.
Total: 2.275100 ms (FindLiveObjects: 0.187000 ms CreateObjectMapping: 0.043500 ms MarkObjects: 2.000100 ms  DeleteObjects: 0.042700 ms)

========================================================================
Received Import Request.
  Time since last request: 743.825697 seconds.
  path: Assets/Prefabs/Player.prefab
  artifactKey: Guid(979b2dc351807ab419bf8107a49f4e3d) Importer(815301076,1909f56bfc062723c751e8b465ee728b)
Start importing Assets/Prefabs/Player.prefab using Guid(979b2dc351807ab419bf8107a49f4e3d) Importer(815301076,1909f56bfc062723c751e8b465ee728b)  -> (artifact id: '4e3d2d068e4aecc09aea2530e582a1fa') in 0.081876 seconds
  Import took 0.085011 seconds .

========================================================================
Received Import Request.
  Time since last request: 4.244658 seconds.
  path: Assets/Scripts/Tank.cs
  artifactKey: Guid(32f4ce61cd821274ba82bd827df031ac) Importer(815301076,1909f56bfc062723c751e8b465ee728b)
Start importing Assets/Scripts/Tank.cs using Guid(32f4ce61cd821274ba82bd827df031ac) Importer(815301076,1909f56bfc062723c751e8b465ee728b)  -> (artifact id: '27091f8cc93614c69e4bca86f8727585') in 0.012298 seconds
  Import took 0.014930 seconds .

========================================================================
Received Prepare
Registering precompiled user dll's ...
Registered in 0.000818 seconds.
Begin MonoManager ReloadAssembly
Native extension for WindowsStandalone target not found
Refreshing native plugins compatible for Editor in 0.22 ms, found 0 plugins.
Preloading 0 native plugins for Editor in 0.00 ms.
Mono: successfully reloaded assembly
- Completed reload, in  0.967 seconds
Platform modules already initialized, skipping
Refreshing native plugins compatible for Editor in 0.24 ms, found 0 plugins.
Preloading 0 native plugins for Editor in 0.00 ms.
Unloading 1170 Unused Serialized files (Serialized files now loaded: 0)
System memory in use before: 78.5 MB.
System memory in use after: 78.6 MB.

Unloading 5 unused Assets to reduce memory usage. Loaded Objects now: 1792.
Total: 1.918700 ms (FindLiveObjects: 0.184700 ms CreateObjectMapping: 0.040200 ms MarkObjects: 1.643400 ms  DeleteObjects: 0.049100 ms)

========================================================================
Received Prepare
Registering precompiled user dll's ...
Registered in 0.001324 seconds.
Begin MonoManager ReloadAssembly
Native extension for WindowsStandalone target not found
Refreshing native plugins compatible for Editor in 0.66 ms, found 0 plugins.
Preloading 0 native plugins for Editor in 0.00 ms.
Mono: successfully reloaded assembly
- Completed reload, in  0.988 seconds
Platform modules already initialized, skipping
Refreshing native plugins compatible for Editor in 0.26 ms, found 0 plugins.
Preloading 0 native plugins for Editor in 0.00 ms.
Unloading 1170 Unused Serialized files (Serialized files now loaded: 0)
System memory in use before: 78.5 MB.
System memory in use after: 78.6 MB.

Unloading 4 unused Assets to reduce memory usage. Loaded Objects now: 1795.
Total: 2.913400 ms (FindLiveObjects: 0.421800 ms CreateObjectMapping: 0.170600 ms MarkObjects: 2.277300 ms  DeleteObjects: 0.041500 ms)

========================================================================
Received Import Request.
  Time since last request: 395.276808 seconds.
  path: Assets/Scripts/Tank.cs
  artifactKey: Guid(32f4ce61cd821274ba82bd827df031ac) Importer(815301076,1909f56bfc062723c751e8b465ee728b)
Start importing Assets/Scripts/Tank.cs using Guid(32f4ce61cd821274ba82bd827df031ac) Importer(815301076,1909f56bfc062723c751e8b465ee728b)  -> (artifact id: '66cae061a201fe517c26d2f8c05f5154') in 0.005088 seconds
  Import took 0.007795 seconds .

========================================================================
Received Prepare
Registering precompiled user dll's ...
Registered in 0.001146 seconds.
Begin MonoManager ReloadAssembly
Native extension for WindowsStandalone target not found
Refreshing native plugins compatible for Editor in 0.22 ms, found 0 plugins.
Preloading 0 native plugins for Editor in 0.00 ms.
Mono: successfully reloaded assembly
- Completed reload, in  0.995 seconds
Platform modules already initialized, skipping
Refreshing native plugins compatible for Editor in 0.31 ms, found 0 plugins.
Preloading 0 native plugins for Editor in 0.00 ms.
Unloading 1170 Unused Serialized files (Serialized files now loaded: 0)
System memory in use before: 78.5 MB.
System memory in use after: 78.6 MB.

Unloading 4 unused Assets to reduce memory usage. Loaded Objects now: 1798.
Total: 2.575600 ms (FindLiveObjects: 0.192400 ms CreateObjectMapping: 0.042900 ms MarkObjects: 2.295400 ms  DeleteObjects: 0.043100 ms)

========================================================================
Received Prepare
Registering precompiled user dll's ...
Registered in 0.000856 seconds.
Begin MonoManager ReloadAssembly
Native extension for WindowsStandalone target not found
Refreshing native plugins compatible for Editor in 0.29 ms, found 0 plugins.
Preloading 0 native plugins for Editor in 0.00 ms.
Mono: successfully reloaded assembly
- Completed reload, in  0.987 seconds
Platform modules already initialized, skipping
Refreshing native plugins compatible for Editor in 0.39 ms, found 0 plugins.
Preloading 0 native plugins for Editor in 0.00 ms.
Unloading 1170 Unused Serialized files (Serialized files now loaded: 0)
System memory in use before: 78.5 MB.
System memory in use after: 78.7 MB.

Unloading 4 unused Assets to reduce memory usage. Loaded Objects now: 1801.
Total: 2.134800 ms (FindLiveObjects: 0.159000 ms CreateObjectMapping: 0.045500 ms MarkObjects: 1.897300 ms  DeleteObjects: 0.031600 ms)

========================================================================
Received Prepare
Registering precompiled user dll's ...
Registered in 0.000775 seconds.
Begin MonoManager ReloadAssembly
Native extension for WindowsStandalone target not found
Refreshing native plugins compatible for Editor in 0.22 ms, found 0 plugins.
Preloading 0 native plugins for Editor in 0.00 ms.
Mono: successfully reloaded assembly
- Completed reload, in  0.998 seconds
Platform modules already initialized, skipping
Refreshing native plugins compatible for Editor in 0.24 ms, found 0 plugins.
Preloading 0 native plugins for Editor in 0.00 ms.
Unloading 1170 Unused Serialized files (Serialized files now loaded: 0)
System memory in use before: 78.6 MB.
System memory in use after: 78.7 MB.

Unloading 4 unused Assets to reduce memory usage. Loaded Objects now: 1804.
Total: 2.452800 ms (FindLiveObjects: 0.226100 ms CreateObjectMapping: 0.090400 ms MarkObjects: 2.083100 ms  DeleteObjects: 0.051900 ms)

========================================================================
Received Prepare
Registering precompiled user dll's ...
Registered in 0.000817 seconds.
Begin MonoManager ReloadAssembly
Native extension for WindowsStandalone target not found
Refreshing native plugins compatible for Editor in 0.94 ms, found 0 plugins.
Preloading 0 native plugins for Editor in 0.00 ms.
Mono: successfully reloaded assembly
- Completed reload, in  0.990 seconds
Platform modules already initialized, skipping
Refreshing native plugins compatible for Editor in 0.86 ms, found 0 plugins.
Preloading 0 native plugins for Editor in 0.00 ms.
Unloading 1170 Unused Serialized files (Serialized files now loaded: 0)
System memory in use before: 78.6 MB.
System memory in use after: 78.7 MB.

Unloading 4 unused Assets to reduce memory usage. Loaded Objects now: 1807.
Total: 1.953600 ms (FindLiveObjects: 0.172700 ms CreateObjectMapping: 0.049100 ms MarkObjects: 1.713700 ms  DeleteObjects: 0.016400 ms)

========================================================================
Received Prepare
Registering precompiled user dll's ...
Registered in 0.000801 seconds.
Begin MonoManager ReloadAssembly
Native extension for WindowsStandalone target not found
Refreshing native plugins compatible for Editor in 0.24 ms, found 0 plugins.
Preloading 0 native plugins for Editor in 0.00 ms.
Mono: successfully reloaded assembly
- Completed reload, in  1.009 seconds
Platform modules already initialized, skipping
Refreshing native plugins compatible for Editor in 0.34 ms, found 0 plugins.
Preloading 0 native plugins for Editor in 0.00 ms.
Unloading 1170 Unused Serialized files (Serialized files now loaded: 0)
System memory in use before: 78.6 MB.
System memory in use after: 78.7 MB.

Unloading 4 unused Assets to reduce memory usage. Loaded Objects now: 1810.
Total: 2.353100 ms (FindLiveObjects: 0.183000 ms CreateObjectMapping: 0.045100 ms MarkObjects: 2.008700 ms  DeleteObjects: 0.115200 ms)

========================================================================
Received Prepare
Registering precompiled user dll's ...
Registered in 0.001258 seconds.
Begin MonoManager ReloadAssembly
Native extension for WindowsStandalone target not found
Refreshing native plugins compatible for Editor in 0.28 ms, found 0 plugins.
Preloading 0 native plugins for Editor in 0.00 ms.
Mono: successfully reloaded assembly
- Completed reload, in  1.628 seconds
Platform modules already initialized, skipping
Refreshing native plugins compatible for Editor in 0.27 ms, found 0 plugins.
Preloading 0 native plugins for Editor in 0.00 ms.
Unloading 1170 Unused Serialized files (Serialized files now loaded: 0)
System memory in use before: 78.6 MB.
System memory in use after: 78.7 MB.

Unloading 4 unused Assets to reduce memory usage. Loaded Objects now: 1813.
Total: 3.222900 ms (FindLiveObjects: 0.621400 ms CreateObjectMapping: 0.115500 ms MarkObjects: 2.457200 ms  DeleteObjects: 0.026700 ms)

========================================================================
Received Prepare
Registering precompiled user dll's ...
Registered in 0.001242 seconds.
Begin MonoManager ReloadAssembly
Native extension for WindowsStandalone target not found
Refreshing native plugins compatible for Editor in 0.23 ms, found 0 plugins.
Preloading 0 native plugins for Editor in 0.00 ms.
Mono: successfully reloaded assembly
- Completed reload, in  0.987 seconds
Platform modules already initialized, skipping
Refreshing native plugins compatible for Editor in 0.26 ms, found 0 plugins.
Preloading 0 native plugins for Editor in 0.00 ms.
Unloading 1170 Unused Serialized files (Serialized files now loaded: 0)
System memory in use before: 78.6 MB.
System memory in use after: 78.7 MB.

Unloading 4 unused Assets to reduce memory usage. Loaded Objects now: 1816.
Total: 1.809900 ms (FindLiveObjects: 0.175800 ms CreateObjectMapping: 0.043100 ms MarkObjects: 1.555500 ms  DeleteObjects: 0.033600 ms)

========================================================================
Received Prepare
Registering precompiled user dll's ...
Registered in 0.000817 seconds.
Begin MonoManager ReloadAssembly
Native extension for WindowsStandalone target not found
Refreshing native plugins compatible for Editor in 0.24 ms, found 0 plugins.
Preloading 0 native plugins for Editor in 0.00 ms.
Mono: successfully reloaded assembly
- Completed reload, in  1.014 seconds
Platform modules already initialized, skipping
Refreshing native plugins compatible for Editor in 0.26 ms, found 0 plugins.
Preloading 0 native plugins for Editor in 0.00 ms.
Unloading 1170 Unused Serialized files (Serialized files now loaded: 0)
System memory in use before: 78.6 MB.
System memory in use after: 78.7 MB.

Unloading 4 unused Assets to reduce memory usage. Loaded Objects now: 1819.
Total: 2.510000 ms (FindLiveObjects: 0.178200 ms CreateObjectMapping: 0.052900 ms MarkObjects: 2.257800 ms  DeleteObjects: 0.019300 ms)

========================================================================
Received Prepare
Registering precompiled user dll's ...
Registered in 0.000806 seconds.
Begin MonoManager ReloadAssembly
Native extension for WindowsStandalone target not found
Refreshing native plugins compatible for Editor in 0.23 ms, found 0 plugins.
Preloading 0 native plugins for Editor in 0.00 ms.
Mono: successfully reloaded assembly
- Completed reload, in  0.986 seconds
Platform modules already initialized, skipping
Refreshing native plugins compatible for Editor in 0.28 ms, found 0 plugins.
Preloading 0 native plugins for Editor in 0.00 ms.
Unloading 1170 Unused Serialized files (Serialized files now loaded: 0)
System memory in use before: 78.6 MB.
System memory in use after: 78.7 MB.

Unloading 4 unused Assets to reduce memory usage. Loaded Objects now: 1822.
Total: 1.863300 ms (FindLiveObjects: 0.186600 ms CreateObjectMapping: 0.048700 ms MarkObjects: 1.610300 ms  DeleteObjects: 0.016100 ms)

========================================================================
Received Prepare
Registering precompiled user dll's ...
Registered in 0.001488 seconds.
Begin MonoManager ReloadAssembly
Native extension for WindowsStandalone target not found
Refreshing native plugins compatible for Editor in 0.22 ms, found 0 plugins.
Preloading 0 native plugins for Editor in 0.00 ms.
Mono: successfully reloaded assembly
- Completed reload, in  0.980 seconds
Platform modules already initialized, skipping
Refreshing native plugins compatible for Editor in 0.29 ms, found 0 plugins.
Preloading 0 native plugins for Editor in 0.00 ms.
Unloading 1170 Unused Serialized files (Serialized files now loaded: 0)
System memory in use before: 78.6 MB.
System memory in use after: 78.7 MB.

Unloading 4 unused Assets to reduce memory usage. Loaded Objects now: 1825.
Total: 2.088400 ms (FindLiveObjects: 0.185300 ms CreateObjectMapping: 0.047800 ms MarkObjects: 1.836000 ms  DeleteObjects: 0.017900 ms)

========================================================================
Received Prepare
Registering precompiled user dll's ...
Registered in 0.000890 seconds.
Begin MonoManager ReloadAssembly
Native extension for WindowsStandalone target not found
Refreshing native plugins compatible for Editor in 0.22 ms, found 0 plugins.
Preloading 0 native plugins for Editor in 0.00 ms.
Mono: successfully reloaded assembly
- Completed reload, in  0.977 seconds
Platform modules already initialized, skipping
Refreshing native plugins compatible for Editor in 0.24 ms, found 0 plugins.
Preloading 0 native plugins for Editor in 0.00 ms.
Unloading 1170 Unused Serialized files (Serialized files now loaded: 0)
System memory in use before: 78.6 MB.
System memory in use after: 78.7 MB.

Unloading 4 unused Assets to reduce memory usage. Loaded Objects now: 1828.
Total: 1.798800 ms (FindLiveObjects: 0.181100 ms CreateObjectMapping: 0.044700 ms MarkObjects: 1.542800 ms  DeleteObjects: 0.029000 ms)

========================================================================
Received Prepare
Registering precompiled user dll's ...
Registered in 0.000839 seconds.
Begin MonoManager ReloadAssembly
Native extension for WindowsStandalone target not found
Refreshing native plugins compatible for Editor in 0.27 ms, found 0 plugins.
Preloading 0 native plugins for Editor in 0.00 ms.
Mono: successfully reloaded assembly
- Completed reload, in  0.998 seconds
Platform modules already initialized, skipping
Refreshing native plugins compatible for Editor in 0.27 ms, found 0 plugins.
Preloading 0 native plugins for Editor in 0.00 ms.
Unloading 1170 Unused Serialized files (Serialized files now loaded: 0)
System memory in use before: 78.6 MB.
System memory in use after: 78.7 MB.

Unloading 4 unused Assets to reduce memory usage. Loaded Objects now: 1831.
Total: 2.012300 ms (FindLiveObjects: 0.177200 ms CreateObjectMapping: 0.046700 ms MarkObjects: 1.753600 ms  DeleteObjects: 0.033700 ms)

========================================================================
Received Prepare
Registering precompiled user dll's ...
Registered in 0.000851 seconds.
Begin MonoManager ReloadAssembly
Native extension for WindowsStandalone target not found
Refreshing native plugins compatible for Editor in 0.26 ms, found 0 plugins.
Preloading 0 native plugins for Editor in 0.00 ms.
Mono: successfully reloaded assembly
- Completed reload, in  1.037 seconds
Platform modules already initialized, skipping
Refreshing native plugins compatible for Editor in 0.23 ms, found 0 plugins.
Preloading 0 native plugins for Editor in 0.00 ms.
Unloading 1170 Unused Serialized files (Serialized files now loaded: 0)
System memory in use before: 78.6 MB.
System memory in use after: 78.7 MB.

Unloading 4 unused Assets to reduce memory usage. Loaded Objects now: 1834.
Total: 1.801600 ms (FindLiveObjects: 0.169200 ms CreateObjectMapping: 0.044600 ms MarkObjects: 1.569400 ms  DeleteObjects: 0.016300 ms)

========================================================================
Received Prepare
Registering precompiled user dll's ...
Registered in 0.000767 seconds.
Begin MonoManager ReloadAssembly
Native extension for WindowsStandalone target not found
Refreshing native plugins compatible for Editor in 0.24 ms, found 0 plugins.
Preloading 0 native plugins for Editor in 0.00 ms.
Mono: successfully reloaded assembly
- Completed reload, in  1.028 seconds
Platform modules already initialized, skipping
Refreshing native plugins compatible for Editor in 0.27 ms, found 0 plugins.
Preloading 0 native plugins for Editor in 0.00 ms.
Unloading 1170 Unused Serialized files (Serialized files now loaded: 0)
System memory in use before: 78.6 MB.
System memory in use after: 78.7 MB.

Unloading 4 unused Assets to reduce memory usage. Loaded Objects now: 1837.
Total: 2.278800 ms (FindLiveObjects: 0.179800 ms CreateObjectMapping: 0.052700 ms MarkObjects: 2.025700 ms  DeleteObjects: 0.018800 ms)

========================================================================
Received Prepare
Registering precompiled user dll's ...
Registered in 0.000811 seconds.
Begin MonoManager ReloadAssembly
Native extension for WindowsStandalone target not found
Refreshing native plugins compatible for Editor in 0.25 ms, found 0 plugins.
Preloading 0 native plugins for Editor in 0.00 ms.
Mono: successfully reloaded assembly
- Completed reload, in  0.959 seconds
Platform modules already initialized, skipping
Refreshing native plugins compatible for Editor in 0.27 ms, found 0 plugins.
Preloading 0 native plugins for Editor in 0.00 ms.
Unloading 1170 Unused Serialized files (Serialized files now loaded: 0)
System memory in use before: 78.6 MB.
System memory in use after: 78.7 MB.

Unloading 4 unused Assets to reduce memory usage. Loaded Objects now: 1840.
Total: 2.121700 ms (FindLiveObjects: 0.194200 ms CreateObjectMapping: 0.040800 ms MarkObjects: 1.854500 ms  DeleteObjects: 0.031000 ms)

========================================================================
Received Prepare
Registering precompiled user dll's ...
Registered in 0.000813 seconds.
Begin MonoManager ReloadAssembly
Native extension for WindowsStandalone target not found
Refreshing native plugins compatible for Editor in 0.23 ms, found 0 plugins.
Preloading 0 native plugins for Editor in 0.00 ms.
Mono: successfully reloaded assembly
- Completed reload, in  1.018 seconds
Platform modules already initialized, skipping
Refreshing native plugins compatible for Editor in 0.23 ms, found 0 plugins.
Preloading 0 native plugins for Editor in 0.00 ms.
Unloading 1170 Unused Serialized files (Serialized files now loaded: 0)
System memory in use before: 78.6 MB.
System memory in use after: 78.7 MB.

Unloading 4 unused Assets to reduce memory usage. Loaded Objects now: 1843.
Total: 3.118000 ms (FindLiveObjects: 0.182800 ms CreateObjectMapping: 0.050500 ms MarkObjects: 2.865700 ms  DeleteObjects: 0.017500 ms)

========================================================================
Received Prepare
Registering precompiled user dll's ...
Registered in 0.000931 seconds.
Begin MonoManager ReloadAssembly
Native extension for WindowsStandalone target not found
Refreshing native plugins compatible for Editor in 0.22 ms, found 0 plugins.
Preloading 0 native plugins for Editor in 0.00 ms.
Mono: successfully reloaded assembly
- Completed reload, in  1.025 seconds
Platform modules already initialized, skipping
Refreshing native plugins compatible for Editor in 0.27 ms, found 0 plugins.
Preloading 0 native plugins for Editor in 0.00 ms.
Unloading 1170 Unused Serialized files (Serialized files now loaded: 0)
System memory in use before: 78.6 MB.
System memory in use after: 78.7 MB.

Unloading 4 unused Assets to reduce memory usage. Loaded Objects now: 1846.
Total: 1.776700 ms (FindLiveObjects: 0.156000 ms CreateObjectMapping: 0.041000 ms MarkObjects: 1.565400 ms  DeleteObjects: 0.013300 ms)

========================================================================
Received Prepare
Registering precompiled user dll's ...
Registered in 0.000859 seconds.
Begin MonoManager ReloadAssembly
Native extension for WindowsStandalone target not found
Refreshing native plugins compatible for Editor in 0.23 ms, found 0 plugins.
Preloading 0 native plugins for Editor in 0.00 ms.
Mono: successfully reloaded assembly
- Completed reload, in  1.017 seconds
Platform modules already initialized, skipping
Refreshing native plugins compatible for Editor in 0.29 ms, found 0 plugins.
Preloading 0 native plugins for Editor in 0.00 ms.
Unloading 1170 Unused Serialized files (Serialized files now loaded: 0)
System memory in use before: 78.6 MB.
System memory in use after: 78.7 MB.

Unloading 4 unused Assets to reduce memory usage. Loaded Objects now: 1849.
Total: 2.520800 ms (FindLiveObjects: 0.358700 ms CreateObjectMapping: 0.119200 ms MarkObjects: 1.984800 ms  DeleteObjects: 0.056000 ms)

========================================================================
Received Prepare
Registering precompiled user dll's ...
Registered in 0.001058 seconds.
Begin MonoManager ReloadAssembly
Native extension for WindowsStandalone target not found
Refreshing native plugins compatible for Editor in 0.22 ms, found 0 plugins.
Preloading 0 native plugins for Editor in 0.00 ms.
Mono: successfully reloaded assembly
- Completed reload, in  0.940 seconds
Platform modules already initialized, skipping
Refreshing native plugins compatible for Editor in 0.27 ms, found 0 plugins.
Preloading 0 native plugins for Editor in 0.00 ms.
Unloading 1170 Unused Serialized files (Serialized files now loaded: 0)
System memory in use before: 78.6 MB.
System memory in use after: 78.7 MB.

Unloading 4 unused Assets to reduce memory usage. Loaded Objects now: 1852.
Total: 2.620600 ms (FindLiveObjects: 0.180000 ms CreateObjectMapping: 0.047100 ms MarkObjects: 2.343400 ms  DeleteObjects: 0.047800 ms)

========================================================================
Received Prepare
Registering precompiled user dll's ...
Registered in 0.000941 seconds.
Begin MonoManager ReloadAssembly
Native extension for WindowsStandalone target not found
Refreshing native plugins compatible for Editor in 0.22 ms, found 0 plugins.
Preloading 0 native plugins for Editor in 0.00 ms.
Mono: successfully reloaded assembly
- Completed reload, in  0.981 seconds
Platform modules already initialized, skipping
Refreshing native plugins compatible for Editor in 0.26 ms, found 0 plugins.
Preloading 0 native plugins for Editor in 0.00 ms.
Unloading 1170 Unused Serialized files (Serialized files now loaded: 0)
System memory in use before: 78.6 MB.
System memory in use after: 78.7 MB.

Unloading 4 unused Assets to reduce memory usage. Loaded Objects now: 1855.
Total: 2.147500 ms (FindLiveObjects: 0.176200 ms CreateObjectMapping: 0.047600 ms MarkObjects: 1.887900 ms  DeleteObjects: 0.034500 ms)

========================================================================
Received Prepare
Registering precompiled user dll's ...
Registered in 0.000876 seconds.
Begin MonoManager ReloadAssembly
Native extension for WindowsStandalone target not found
Refreshing native plugins compatible for Editor in 0.24 ms, found 0 plugins.
Preloading 0 native plugins for Editor in 0.00 ms.
Mono: successfully reloaded assembly
- Completed reload, in  0.977 seconds
Platform modules already initialized, skipping
Refreshing native plugins compatible for Editor in 0.24 ms, found 0 plugins.
Preloading 0 native plugins for Editor in 0.00 ms.
Unloading 1170 Unused Serialized files (Serialized files now loaded: 0)
System memory in use before: 78.6 MB.
System memory in use after: 78.8 MB.

Unloading 4 unused Assets to reduce memory usage. Loaded Objects now: 1858.
Total: 2.114000 ms (FindLiveObjects: 0.279300 ms CreateObjectMapping: 0.051700 ms MarkObjects: 1.751800 ms  DeleteObjects: 0.029200 ms)

========================================================================
Received Prepare
Registering precompiled user dll's ...
Registered in 0.001631 seconds.
Begin MonoManager ReloadAssembly
Native extension for WindowsStandalone target not found
Refreshing native plugins compatible for Editor in 0.25 ms, found 0 plugins.
Preloading 0 native plugins for Editor in 0.00 ms.
Mono: successfully reloaded assembly
- Completed reload, in  0.980 seconds
Platform modules already initialized, skipping
Refreshing native plugins compatible for Editor in 0.23 ms, found 0 plugins.
Preloading 0 native plugins for Editor in 0.00 ms.
Unloading 1170 Unused Serialized files (Serialized files now loaded: 0)
System memory in use before: 78.7 MB.
System memory in use after: 78.8 MB.

Unloading 4 unused Assets to reduce memory usage. Loaded Objects now: 1861.
Total: 2.896600 ms (FindLiveObjects: 0.189300 ms CreateObjectMapping: 0.053400 ms MarkObjects: 2.633000 ms  DeleteObjects: 0.019000 ms)

========================================================================
Received Prepare
Registering precompiled user dll's ...
Registered in 0.002111 seconds.
Begin MonoManager ReloadAssembly
Native extension for WindowsStandalone target not found
Refreshing native plugins compatible for Editor in 0.49 ms, found 0 plugins.
Preloading 0 native plugins for Editor in 0.00 ms.
Mono: successfully reloaded assembly
- Completed reload, in  0.965 seconds
Platform modules already initialized, skipping
Refreshing native plugins compatible for Editor in 0.24 ms, found 0 plugins.
Preloading 0 native plugins for Editor in 0.00 ms.
Unloading 1170 Unused Serialized files (Serialized files now loaded: 0)
System memory in use before: 78.7 MB.
System memory in use after: 78.8 MB.

Unloading 4 unused Assets to reduce memory usage. Loaded Objects now: 1864.
Total: 2.356300 ms (FindLiveObjects: 0.163800 ms CreateObjectMapping: 0.039500 ms MarkObjects: 2.110200 ms  DeleteObjects: 0.041500 ms)

========================================================================
Received Prepare
Registering precompiled user dll's ...
Registered in 0.000787 seconds.
Begin MonoManager ReloadAssembly
Native extension for WindowsStandalone target not found
Refreshing native plugins compatible for Editor in 0.22 ms, found 0 plugins.
Preloading 0 native plugins for Editor in 0.00 ms.
Mono: successfully reloaded assembly
- Completed reload, in  0.984 seconds
Platform modules already initialized, skipping
Refreshing native plugins compatible for Editor in 0.24 ms, found 0 plugins.
Preloading 0 native plugins for Editor in 0.00 ms.
Unloading 1170 Unused Serialized files (Serialized files now loaded: 0)
System memory in use before: 78.7 MB.
System memory in use after: 78.8 MB.

Unloading 4 unused Assets to reduce memory usage. Loaded Objects now: 1867.
Total: 2.205800 ms (FindLiveObjects: 0.186100 ms CreateObjectMapping: 0.047400 ms MarkObjects: 1.922100 ms  DeleteObjects: 0.048600 ms)

========================================================================
Received Prepare
Registering precompiled user dll's ...
Registered in 0.000812 seconds.
Begin MonoManager ReloadAssembly
Native extension for WindowsStandalone target not found
Refreshing native plugins compatible for Editor in 0.22 ms, found 0 plugins.
Preloading 0 native plugins for Editor in 0.00 ms.
Mono: successfully reloaded assembly
- Completed reload, in  0.995 seconds
Platform modules already initialized, skipping
Refreshing native plugins compatible for Editor in 0.23 ms, found 0 plugins.
Preloading 0 native plugins for Editor in 0.00 ms.
Unloading 1170 Unused Serialized files (Serialized files now loaded: 0)
System memory in use before: 78.7 MB.
System memory in use after: 78.8 MB.

Unloading 4 unused Assets to reduce memory usage. Loaded Objects now: 1870.
Total: 2.580600 ms (FindLiveObjects: 0.220900 ms CreateObjectMapping: 0.115800 ms MarkObjects: 2.200900 ms  DeleteObjects: 0.041600 ms)

========================================================================
Received Prepare
Registering precompiled user dll's ...
Registered in 0.001037 seconds.
Begin MonoManager ReloadAssembly
Native extension for WindowsStandalone target not found
Refreshing native plugins compatible for Editor in 0.22 ms, found 0 plugins.
Preloading 0 native plugins for Editor in 0.00 ms.
Mono: successfully reloaded assembly
- Completed reload, in  0.917 seconds
Platform modules already initialized, skipping
Refreshing native plugins compatible for Editor in 0.24 ms, found 0 plugins.
Preloading 0 native plugins for Editor in 0.00 ms.
Unloading 1170 Unused Serialized files (Serialized files now loaded: 0)
System memory in use before: 78.7 MB.
System memory in use after: 78.8 MB.

Unloading 4 unused Assets to reduce memory usage. Loaded Objects now: 1873.
Total: 2.200900 ms (FindLiveObjects: 0.209900 ms CreateObjectMapping: 0.048000 ms MarkObjects: 1.909300 ms  DeleteObjects: 0.032300 ms)

========================================================================
Received Prepare
Registering precompiled user dll's ...
Registered in 0.001097 seconds.
Begin MonoManager ReloadAssembly
Native extension for WindowsStandalone target not found
Refreshing native plugins compatible for Editor in 0.34 ms, found 0 plugins.
Preloading 0 native plugins for Editor in 0.00 ms.
Mono: successfully reloaded assembly
- Completed reload, in  1.273 seconds
Platform modules already initialized, skipping
Refreshing native plugins compatible for Editor in 0.26 ms, found 0 plugins.
Preloading 0 native plugins for Editor in 0.00 ms.
Unloading 1170 Unused Serialized files (Serialized files now loaded: 0)
System memory in use before: 78.7 MB.
System memory in use after: 78.8 MB.

Unloading 4 unused Assets to reduce memory usage. Loaded Objects now: 1876.
Total: 2.618300 ms (FindLiveObjects: 0.251100 ms CreateObjectMapping: 0.046900 ms MarkObjects: 2.302800 ms  DeleteObjects: 0.016300 ms)

========================================================================
Received Import Request.
  Time since last request: 10817.833011 seconds.
  path: Assets/Prefabs/Table.prefab
  artifactKey: Guid(8d7519be7aba6d946ac9639297ee6ca3) Importer(815301076,1909f56bfc062723c751e8b465ee728b)
Start importing Assets/Prefabs/Table.prefab using Guid(8d7519be7aba6d946ac9639297ee6ca3) Importer(815301076,1909f56bfc062723c751e8b465ee728b)  -> (artifact id: '4e4843dc20a0f6438e4b21f83b304e91') in 0.085780 seconds
  Import took 0.088751 seconds .

========================================================================
Received Prepare
Registering precompiled user dll's ...
Registered in 0.001270 seconds.
Begin MonoManager ReloadAssembly
Native extension for WindowsStandalone target not found
Refreshing native plugins compatible for Editor in 0.22 ms, found 0 plugins.
Preloading 0 native plugins for Editor in 0.00 ms.
Mono: successfully reloaded assembly
- Completed reload, in  1.118 seconds
Platform modules already initialized, skipping
Refreshing native plugins compatible for Editor in 0.39 ms, found 0 plugins.
Preloading 0 native plugins for Editor in 0.00 ms.
Unloading 1170 Unused Serialized files (Serialized files now loaded: 0)
System memory in use before: 78.7 MB.
System memory in use after: 78.8 MB.

Unloading 5 unused Assets to reduce memory usage. Loaded Objects now: 1880.
Total: 2.912700 ms (FindLiveObjects: 0.771600 ms CreateObjectMapping: 0.067000 ms MarkObjects: 2.049400 ms  DeleteObjects: 0.022900 ms)

========================================================================
Received Prepare
Registering precompiled user dll's ...
Registered in 0.001622 seconds.
Begin MonoManager ReloadAssembly
Native extension for WindowsStandalone target not found
Refreshing native plugins compatible for Editor in 0.38 ms, found 0 plugins.
Preloading 0 native plugins for Editor in 0.00 ms.
Mono: successfully reloaded assembly
- Completed reload, in  1.504 seconds
Platform modules already initialized, skipping
Refreshing native plugins compatible for Editor in 0.29 ms, found 0 plugins.
Preloading 0 native plugins for Editor in 0.00 ms.
Unloading 1170 Unused Serialized files (Serialized files now loaded: 0)
System memory in use before: 78.7 MB.
System memory in use after: 78.8 MB.

Unloading 4 unused Assets to reduce memory usage. Loaded Objects now: 1883.
Total: 2.324800 ms (FindLiveObjects: 0.246500 ms CreateObjectMapping: 0.172800 ms MarkObjects: 1.882800 ms  DeleteObjects: 0.021300 ms)

========================================================================
Received Prepare
Registering precompiled user dll's ...
Registered in 0.000787 seconds.
Begin MonoManager ReloadAssembly
Native extension for WindowsStandalone target not found
Refreshing native plugins compatible for Editor in 0.23 ms, found 0 plugins.
Preloading 0 native plugins for Editor in 0.00 ms.
Mono: successfully reloaded assembly
- Completed reload, in  1.081 seconds
Platform modules already initialized, skipping
Refreshing native plugins compatible for Editor in 0.27 ms, found 0 plugins.
Preloading 0 native plugins for Editor in 0.00 ms.
Unloading 1170 Unused Serialized files (Serialized files now loaded: 0)
System memory in use before: 78.7 MB.
System memory in use after: 78.8 MB.

Unloading 4 unused Assets to reduce memory usage. Loaded Objects now: 1886.
Total: 2.956700 ms (FindLiveObjects: 0.184000 ms CreateObjectMapping: 0.151500 ms MarkObjects: 2.570100 ms  DeleteObjects: 0.048800 ms)

========================================================================
Received Prepare
Registering precompiled user dll's ...
Registered in 0.001007 seconds.
Begin MonoManager ReloadAssembly
Native extension for WindowsStandalone target not found
Refreshing native plugins compatible for Editor in 0.22 ms, found 0 plugins.
Preloading 0 native plugins for Editor in 0.00 ms.
Mono: successfully reloaded assembly
- Completed reload, in  0.977 seconds
Platform modules already initialized, skipping
Refreshing native plugins compatible for Editor in 0.36 ms, found 0 plugins.
Preloading 0 native plugins for Editor in 0.00 ms.
Unloading 1170 Unused Serialized files (Serialized files now loaded: 0)
System memory in use before: 78.7 MB.
System memory in use after: 78.8 MB.

Unloading 4 unused Assets to reduce memory usage. Loaded Objects now: 1889.
Total: 2.055700 ms (FindLiveObjects: 0.208600 ms CreateObjectMapping: 0.064300 ms MarkObjects: 1.741600 ms  DeleteObjects: 0.040300 ms)

========================================================================
Received Import Request.
  Time since last request: 6023.675773 seconds.
  path: Assets/Prefabs/Enemy.prefab
  artifactKey: Guid(2aa19ad0c11b05744b5d27c244b63791) Importer(815301076,1909f56bfc062723c751e8b465ee728b)
Start importing Assets/Prefabs/Enemy.prefab using Guid(2aa19ad0c11b05744b5d27c244b63791) Importer(815301076,1909f56bfc062723c751e8b465ee728b)  -> (artifact id: '60b24b2bc03dbdf0ce10c477c5237b83') in 0.088252 seconds
  Import took 0.092550 seconds .

========================================================================
Received Import Request.
  Time since last request: 20.131385 seconds.
  path: Assets/Prefabs/Player.prefab
  artifactKey: Guid(979b2dc351807ab419bf8107a49f4e3d) Importer(815301076,1909f56bfc062723c751e8b465ee728b)
Start importing Assets/Prefabs/Player.prefab using Guid(979b2dc351807ab419bf8107a49f4e3d) Importer(815301076,1909f56bfc062723c751e8b465ee728b)  -> (artifact id: '3e88782e3e8a4b76d67d1b4f01e09664') in 0.032874 seconds
  Import took 0.036238 seconds .

========================================================================
Received Prepare
Registering precompiled user dll's ...
Registered in 0.000891 seconds.
Begin MonoManager ReloadAssembly
Native extension for WindowsStandalone target not found
Refreshing native plugins compatible for Editor in 0.23 ms, found 0 plugins.
Preloading 0 native plugins for Editor in 0.00 ms.
Mono: successfully reloaded assembly
- Completed reload, in  0.989 seconds
Platform modules already initialized, skipping
Refreshing native plugins compatible for Editor in 0.23 ms, found 0 plugins.
Preloading 0 native plugins for Editor in 0.00 ms.
Unloading 1170 Unused Serialized files (Serialized files now loaded: 0)
System memory in use before: 78.8 MB.
System memory in use after: 78.9 MB.

Unloading 5 unused Assets to reduce memory usage. Loaded Objects now: 1893.
Total: 1.814700 ms (FindLiveObjects: 0.168600 ms CreateObjectMapping: 0.044300 ms MarkObjects: 1.568700 ms  DeleteObjects: 0.031800 ms)

========================================================================
Received Import Request.
  Time since last request: 327.764989 seconds.
  path: Assets/Prefabs/Enemy.prefab
  artifactKey: Guid(2aa19ad0c11b05744b5d27c244b63791) Importer(815301076,1909f56bfc062723c751e8b465ee728b)
Start importing Assets/Prefabs/Enemy.prefab using Guid(2aa19ad0c11b05744b5d27c244b63791) Importer(815301076,1909f56bfc062723c751e8b465ee728b)  -> (artifact id: '4863636599275a656acb75166b9cf9b5') in 0.073555 seconds
  Import took 0.077809 seconds .

========================================================================
Received Prepare
Registering precompiled user dll's ...
Registered in 0.000881 seconds.
Begin MonoManager ReloadAssembly
Native extension for WindowsStandalone target not found
Refreshing native plugins compatible for Editor in 0.28 ms, found 0 plugins.
Preloading 0 native plugins for Editor in 0.00 ms.
Mono: successfully reloaded assembly
- Completed reload, in  0.990 seconds
Platform modules already initialized, skipping
Refreshing native plugins compatible for Editor in 0.25 ms, found 0 plugins.
Preloading 0 native plugins for Editor in 0.00 ms.
Unloading 1170 Unused Serialized files (Serialized files now loaded: 0)
System memory in use before: 78.8 MB.
System memory in use after: 78.9 MB.

Unloading 5 unused Assets to reduce memory usage. Loaded Objects now: 1897.
Total: 2.556100 ms (FindLiveObjects: 0.168100 ms CreateObjectMapping: 0.045700 ms MarkObjects: 2.318000 ms  DeleteObjects: 0.022500 ms)

========================================================================
Received Import Request.
  Time since last request: 290.491535 seconds.
  path: Assets/Prefabs/Player.prefab
  artifactKey: Guid(979b2dc351807ab419bf8107a49f4e3d) Importer(815301076,1909f56bfc062723c751e8b465ee728b)
Start importing Assets/Prefabs/Player.prefab using Guid(979b2dc351807ab419bf8107a49f4e3d) Importer(815301076,1909f56bfc062723c751e8b465ee728b)  -> (artifact id: '52365b7513b399ee479cefa8246fcd81') in 0.086139 seconds
  Import took 0.089517 seconds .

========================================================================
Received Import Request.
  Time since last request: 19.145118 seconds.
  path: Assets/Prefabs/Enemy.prefab
  artifactKey: Guid(2aa19ad0c11b05744b5d27c244b63791) Importer(815301076,1909f56bfc062723c751e8b465ee728b)
Start importing Assets/Prefabs/Enemy.prefab using Guid(2aa19ad0c11b05744b5d27c244b63791) Importer(815301076,1909f56bfc062723c751e8b465ee728b)  -> (artifact id: '60db56d130df9cb43bbd957997cce9fb') in 0.021530 seconds
  Import took 0.026174 seconds .

========================================================================
Received Import Request.
  Time since last request: 23.918112 seconds.
  path: Assets/Prefabs/Player.prefab
  artifactKey: Guid(979b2dc351807ab419bf8107a49f4e3d) Importer(815301076,1909f56bfc062723c751e8b465ee728b)
Start importing Assets/Prefabs/Player.prefab using Guid(979b2dc351807ab419bf8107a49f4e3d) Importer(815301076,1909f56bfc062723c751e8b465ee728b)  -> (artifact id: '07863a9263e9ecef6c8a7b1b58d87ba4') in 0.025521 seconds
  Import took 0.028746 seconds .

========================================================================
Received Import Request.
  Time since last request: 41.507699 seconds.
  path: Assets/Prefabs/Player.prefab
  artifactKey: Guid(979b2dc351807ab419bf8107a49f4e3d) Importer(815301076,1909f56bfc062723c751e8b465ee728b)
Start importing Assets/Prefabs/Player.prefab using Guid(979b2dc351807ab419bf8107a49f4e3d) Importer(815301076,1909f56bfc062723c751e8b465ee728b)  -> (artifact id: '3bbb7145e7123693c2692eab53c159bf') in 0.027268 seconds
  Import took 0.032223 seconds .

========================================================================
Received Prepare
Registering precompiled user dll's ...
Registered in 0.001166 seconds.
Begin MonoManager ReloadAssembly
Native extension for WindowsStandalone target not found
Refreshing native plugins compatible for Editor in 0.22 ms, found 0 plugins.
Preloading 0 native plugins for Editor in 0.00 ms.
Mono: successfully reloaded assembly
- Completed reload, in  1.604 seconds
Platform modules already initialized, skipping
Refreshing native plugins compatible for Editor in 0.24 ms, found 0 plugins.
Preloading 0 native plugins for Editor in 0.00 ms.
Unloading 1170 Unused Serialized files (Serialized files now loaded: 0)
System memory in use before: 78.8 MB.
System memory in use after: 78.9 MB.

Unloading 5 unused Assets to reduce memory usage. Loaded Objects now: 1901.
Total: 2.042300 ms (FindLiveObjects: 0.261500 ms CreateObjectMapping: 0.043500 ms MarkObjects: 1.715200 ms  DeleteObjects: 0.020500 ms)

AssetImportWorkerClient::OnTransportError - code=2 error=End of file
