Using pre-set license
Built from '2020.3/release' branch; Version is '2020.3.7f1 (dd97f2c94397) revision 14522354'; Using compiler version '192528614'; Build Type 'Release'
OS: 'Windows 10 Home Single Language; OS build 19042.1052; Version 2009; 64bit' Language: 'ru' Physical Memory: 12167 MB
BatchMode: 1, IsHumanControllingUs: 0, StartBugReporterOnCrash: 0, Is64bit: 1, IsPro: 0

 COMMAND LINE ARGUMENTS:
C:\Program Files\Unity\Hub\Editor\2020.3.7f1\Editor\Unity.exe
-adb2
-batchMode
-noUpm
-name
AssetImportWorker3
-projectPath
C:/Users/Public/Documents/Unity Projects/3D-Shooter
-logFile
Logs/AssetImportWorker3.log
-srvPort
50964
Successfully changed project path to: C:/Users/Public/Documents/Unity Projects/3D-Shooter
C:/Users/Public/Documents/Unity Projects/3D-Shooter
Using Asset Import Pipeline V2.
Refreshing native plugins compatible for Editor in 33.49 ms, found 0 plugins.
Preloading 0 native plugins for Editor in 0.00 ms.
Initialize engine version: 2020.3.7f1 (dd97f2c94397)
[Subsystems] Discovering subsystems at path C:/Program Files/Unity/Hub/Editor/2020.3.7f1/Editor/Data/Resources/UnitySubsystems
[Subsystems] Discovering subsystems at path C:/Users/Public/Documents/Unity Projects/3D-Shooter/Assets
GfxDevice: creating device client; threaded=0
Direct3D:
    Version:  Direct3D 11.0 [level 11.1]
    Renderer: NVIDIA GeForce GTX 1050 (ID=0x1c8d)
    Vendor:   
    VRAM:     1977 MB
    Driver:   27.21.14.6230
Shader 'WFX/Transparent Specular': fallback shader 'Particles/Alpha Blended' not found
Shader 'WFX/Transparent Diffuse': fallback shader 'Particles/Alpha Blended' not found
Initialize mono
Mono path[0] = 'C:/Program Files/Unity/Hub/Editor/2020.3.7f1/Editor/Data/Managed'
Mono path[1] = 'C:/Program Files/Unity/Hub/Editor/2020.3.7f1/Editor/Data/MonoBleedingEdge/lib/mono/unityjit'
Mono config path = 'C:/Program Files/Unity/Hub/Editor/2020.3.7f1/Editor/Data/MonoBleedingEdge/etc'
Using monoOptions --debugger-agent=transport=dt_socket,embedding=1,server=y,suspend=n,address=127.0.0.1:56908
Begin MonoManager ReloadAssembly
Registering precompiled unity dll's ...
Register platform support module: C:/Program Files/Unity/Hub/Editor/2020.3.7f1/Editor/Data/PlaybackEngines/WindowsStandaloneSupport/UnityEditor.WindowsStandalone.Extensions.dll
Registered in 0.002403 seconds.
Native extension for WindowsStandalone target not found
Refreshing native plugins compatible for Editor in 36.29 ms, found 0 plugins.
Preloading 0 native plugins for Editor in 0.00 ms.
Mono: successfully reloaded assembly
- Completed reload, in  2.765 seconds
Platform modules already initialized, skipping
Registering precompiled user dll's ...
Registered in 0.001078 seconds.
Begin MonoManager ReloadAssembly
Native extension for WindowsStandalone target not found
Refreshing native plugins compatible for Editor in 0.32 ms, found 0 plugins.
Preloading 0 native plugins for Editor in 0.00 ms.
Mono: successfully reloaded assembly
- Completed reload, in  1.048 seconds
Platform modules already initialized, skipping
========================================================================
Worker process is ready to serve import requests
Shader 'WFX/Transparent Diffuse': fallback shader 'Particles/Alpha Blended' not found
Shader 'WFX/Transparent Specular': fallback shader 'Particles/Alpha Blended' not found
Launched and connected shader compiler UnityShaderCompiler.exe after 0.07 seconds
Refreshing native plugins compatible for Editor in 0.25 ms, found 0 plugins.
Preloading 0 native plugins for Editor in 0.00 ms.
Unloading 1200 Unused Serialized files (Serialized files now loaded: 0)
System memory in use before: 78.6 MB.
System memory in use after: 78.6 MB.

Unloading 9 unused Assets to reduce memory usage. Loaded Objects now: 1669.
Total: 2.019600 ms (FindLiveObjects: 0.148100 ms CreateObjectMapping: 0.047700 ms MarkObjects: 1.716800 ms  DeleteObjects: 0.105200 ms)

========================================================================
Received Import Request.
  path: Assets/Scenes/MainScane.lighting
  artifactKey: Guid(dce508a80c04eef41a41869fa24b63f4) Importer(815301076,1909f56bfc062723c751e8b465ee728b)
Start importing Assets/Scenes/MainScane.lighting using Guid(dce508a80c04eef41a41869fa24b63f4) Importer(815301076,1909f56bfc062723c751e8b465ee728b)  -> (artifact id: '29179aed04c28e59a4e51d6fa4e9af6e') in 0.038645 seconds
  Import took 0.041352 seconds .

========================================================================
Received Import Request.
  Time since last request: 66.031136 seconds.
  path: Assets/Prefabs/Barrel.prefab
  artifactKey: Guid(1e3a37eea53153344a0149a25df27c12) Importer(815301076,1909f56bfc062723c751e8b465ee728b)
Start importing Assets/Prefabs/Barrel.prefab using Guid(1e3a37eea53153344a0149a25df27c12) Importer(815301076,1909f56bfc062723c751e8b465ee728b)  -> (artifact id: 'fcb01443bc03fc57c2eb0b8240f16b4b') in 0.116227 seconds
  Import took 0.120017 seconds .

========================================================================
Received Prepare
Registering precompiled user dll's ...
Registered in 0.000848 seconds.
Begin MonoManager ReloadAssembly
Native extension for WindowsStandalone target not found
Refreshing native plugins compatible for Editor in 0.30 ms, found 0 plugins.
Preloading 0 native plugins for Editor in 0.00 ms.
Mono: successfully reloaded assembly
- Completed reload, in  1.252 seconds
Platform modules already initialized, skipping
Shader 'WFX/Transparent Diffuse': fallback shader 'Particles/Alpha Blended' not found
Shader 'WFX/Transparent Specular': fallback shader 'Particles/Alpha Blended' not found
Refreshing native plugins compatible for Editor in 0.27 ms, found 0 plugins.
Preloading 0 native plugins for Editor in 0.00 ms.
Unloading 1170 Unused Serialized files (Serialized files now loaded: 0)
System memory in use before: 79.2 MB.
System memory in use after: 79.3 MB.

Unloading 4 unused Assets to reduce memory usage. Loaded Objects now: 1681.
Total: 2.772300 ms (FindLiveObjects: 0.148200 ms CreateObjectMapping: 0.046400 ms MarkObjects: 2.556200 ms  DeleteObjects: 0.019400 ms)

========================================================================
Received Import Request.
  Time since last request: 7.981944 seconds.
  path: Assets/Prefabs/Barrel.prefab
  artifactKey: Guid(1e3a37eea53153344a0149a25df27c12) Importer(815301076,1909f56bfc062723c751e8b465ee728b)
Start importing Assets/Prefabs/Barrel.prefab using Guid(1e3a37eea53153344a0149a25df27c12) Importer(815301076,1909f56bfc062723c751e8b465ee728b)  -> (artifact id: 'cbe877c7f4c0f2e15e7a7b9108f9076a') in 0.116806 seconds
  Import took 0.120904 seconds .

========================================================================
Received Import Request.
  Time since last request: 5.069682 seconds.
  path: Assets/Prefabs/Barrel.prefab
  artifactKey: Guid(1e3a37eea53153344a0149a25df27c12) Importer(815301076,1909f56bfc062723c751e8b465ee728b)
Start importing Assets/Prefabs/Barrel.prefab using Guid(1e3a37eea53153344a0149a25df27c12) Importer(815301076,1909f56bfc062723c751e8b465ee728b)  -> (artifact id: '9d7b75f455d57161c4b8ada011584c8c') in 0.032839 seconds
  Import took 0.036830 seconds .

========================================================================
Received Import Request.
  Time since last request: 6.537669 seconds.
  path: Assets/Prefabs/Barrel.prefab
  artifactKey: Guid(1e3a37eea53153344a0149a25df27c12) Importer(815301076,1909f56bfc062723c751e8b465ee728b)
Start importing Assets/Prefabs/Barrel.prefab using Guid(1e3a37eea53153344a0149a25df27c12) Importer(815301076,1909f56bfc062723c751e8b465ee728b)  -> (artifact id: '8c954c633c8f1385832e5806b5cf1337') in 0.030046 seconds
  Import took 0.034556 seconds .

========================================================================
Received Import Request.
  Time since last request: 0.852627 seconds.
  path: Assets/Prefabs/Barrel.prefab
  artifactKey: Guid(1e3a37eea53153344a0149a25df27c12) Importer(815301076,1909f56bfc062723c751e8b465ee728b)
Start importing Assets/Prefabs/Barrel.prefab using Guid(1e3a37eea53153344a0149a25df27c12) Importer(815301076,1909f56bfc062723c751e8b465ee728b)  -> (artifact id: 'c4b6ed81ac7b7dd97550975bd7b6aa3a') in 0.030741 seconds
  Import took 0.034760 seconds .

========================================================================
Received Import Request.
  Time since last request: 3.477117 seconds.
  path: Assets/Prefabs/Barrel.prefab
  artifactKey: Guid(1e3a37eea53153344a0149a25df27c12) Importer(815301076,1909f56bfc062723c751e8b465ee728b)
Start importing Assets/Prefabs/Barrel.prefab using Guid(1e3a37eea53153344a0149a25df27c12) Importer(815301076,1909f56bfc062723c751e8b465ee728b)  -> (artifact id: 'ba81d68f18c0ba47759769dbd16da263') in 0.031314 seconds
  Import took 0.035261 seconds .

========================================================================
Received Import Request.
  Time since last request: 4.280871 seconds.
  path: Assets/Prefabs/Barrel.prefab
  artifactKey: Guid(1e3a37eea53153344a0149a25df27c12) Importer(815301076,1909f56bfc062723c751e8b465ee728b)
Start importing Assets/Prefabs/Barrel.prefab using Guid(1e3a37eea53153344a0149a25df27c12) Importer(815301076,1909f56bfc062723c751e8b465ee728b)  -> (artifact id: '9f7c663ad434066b55b3047d783a6faa') in 0.029204 seconds
  Import took 0.032848 seconds .

========================================================================
Received Import Request.
  Time since last request: 10.600731 seconds.
  path: Assets/Prefabs/Barrel.prefab
  artifactKey: Guid(1e3a37eea53153344a0149a25df27c12) Importer(815301076,1909f56bfc062723c751e8b465ee728b)
Start importing Assets/Prefabs/Barrel.prefab using Guid(1e3a37eea53153344a0149a25df27c12) Importer(815301076,1909f56bfc062723c751e8b465ee728b)  -> (artifact id: '0b6126014c9ed7ac3bf6e1af30ef8e7e') in 0.027232 seconds
  Import took 0.032516 seconds .

========================================================================
Received Prepare
Registering precompiled user dll's ...
Registered in 0.000925 seconds.
Begin MonoManager ReloadAssembly
Native extension for WindowsStandalone target not found
Refreshing native plugins compatible for Editor in 0.26 ms, found 0 plugins.
Preloading 0 native plugins for Editor in 0.00 ms.
Mono: successfully reloaded assembly
- Completed reload, in  0.985 seconds
Platform modules already initialized, skipping
Shader 'WFX/Transparent Diffuse': fallback shader 'Particles/Alpha Blended' not found
Shader 'WFX/Transparent Specular': fallback shader 'Particles/Alpha Blended' not found
Refreshing native plugins compatible for Editor in 0.27 ms, found 0 plugins.
Preloading 0 native plugins for Editor in 0.00 ms.
Unloading 1170 Unused Serialized files (Serialized files now loaded: 0)
System memory in use before: 79.3 MB.
System memory in use after: 79.4 MB.

Unloading 4 unused Assets to reduce memory usage. Loaded Objects now: 1685.
Total: 1.751800 ms (FindLiveObjects: 0.162700 ms CreateObjectMapping: 0.061800 ms MarkObjects: 1.509500 ms  DeleteObjects: 0.016400 ms)

========================================================================
Received Import Request.
  Time since last request: 21.189404 seconds.
  path: Assets/Prefabs/Barrel.prefab
  artifactKey: Guid(1e3a37eea53153344a0149a25df27c12) Importer(815301076,1909f56bfc062723c751e8b465ee728b)
Start importing Assets/Prefabs/Barrel.prefab using Guid(1e3a37eea53153344a0149a25df27c12) Importer(815301076,1909f56bfc062723c751e8b465ee728b)  -> (artifact id: '25c1c3ba66b805f181009741d607ff2d') in 0.080935 seconds
  Import took 0.084510 seconds .

========================================================================
Received Import Request.
  Time since last request: 2.269061 seconds.
  path: Assets/Prefabs/Barrel.prefab
  artifactKey: Guid(1e3a37eea53153344a0149a25df27c12) Importer(815301076,1909f56bfc062723c751e8b465ee728b)
Start importing Assets/Prefabs/Barrel.prefab using Guid(1e3a37eea53153344a0149a25df27c12) Importer(815301076,1909f56bfc062723c751e8b465ee728b)  -> (artifact id: '25c1c3ba66b805f181009741d607ff2d') in 0.015432 seconds
  Import took 0.018748 seconds .

========================================================================
Received Import Request.
  Time since last request: 81.636869 seconds.
  path: Assets/WarVFXpack/Effects
  artifactKey: Guid(71faefa77e7fc274fa230519616d3c3f) Importer(815301076,1909f56bfc062723c751e8b465ee728b)
Start importing Assets/WarVFXpack/Effects using Guid(71faefa77e7fc274fa230519616d3c3f) Importer(815301076,1909f56bfc062723c751e8b465ee728b)  -> (artifact id: '59c371373699c0493f5cb2f23351434b') in 0.005366 seconds
  Import took 0.008243 seconds .

========================================================================
Received Import Request.
  Time since last request: 1.664966 seconds.
  path: Assets/WarVFXpack/Effects/Explosions
  artifactKey: Guid(36660456b1cea8e4ea1a8ea790909fdc) Importer(815301076,1909f56bfc062723c751e8b465ee728b)
Start importing Assets/WarVFXpack/Effects/Explosions using Guid(36660456b1cea8e4ea1a8ea790909fdc) Importer(815301076,1909f56bfc062723c751e8b465ee728b)  -> (artifact id: 'e0539610ae5e32bbafb6f2fc9422a077') in 0.002881 seconds
  Import took 0.005757 seconds .

========================================================================
Received Import Request.
  Time since last request: 94.019676 seconds.
  path: Assets/WarVFXpack/Effects/Smoke
  artifactKey: Guid(3fbf0b93555af2943961e2f1e1a9395a) Importer(815301076,1909f56bfc062723c751e8b465ee728b)
Start importing Assets/WarVFXpack/Effects/Smoke using Guid(3fbf0b93555af2943961e2f1e1a9395a) Importer(815301076,1909f56bfc062723c751e8b465ee728b)  -> (artifact id: '95e9fca5fc0d249327dcf8b226cf8a94') in 0.007191 seconds
  Import took 0.010140 seconds .

========================================================================
Received Import Request.
  Time since last request: 0.001202 seconds.
  path: Assets/WarVFXpack/Effects/Smoke
  artifactKey: Guid(3fbf0b93555af2943961e2f1e1a9395a) Importer(815301076,1909f56bfc062723c751e8b465ee728b)
Start importing Assets/WarVFXpack/Effects/Smoke using Guid(3fbf0b93555af2943961e2f1e1a9395a) Importer(815301076,1909f56bfc062723c751e8b465ee728b)  -> (artifact id: '95e9fca5fc0d249327dcf8b226cf8a94') in 0.002673 seconds
  Import took 0.005178 seconds .

========================================================================
Received Import Request.
  Time since last request: 0.861419 seconds.
  path: Assets/WarVFXpack/Effects/Smoke/WFX_SmokeGrenade Additive.prefab
  artifactKey: Guid(4ecfa3d3919108f4fbff80d1c4d920a1) Importer(815301076,1909f56bfc062723c751e8b465ee728b)
Start importing Assets/WarVFXpack/Effects/Smoke/WFX_SmokeGrenade Additive.prefab using Guid(4ecfa3d3919108f4fbff80d1c4d920a1) Importer(815301076,1909f56bfc062723c751e8b465ee728b)  -> (artifact id: '22f772c66b849ce4d5037b96661ceb85') in 0.012379 seconds
  Import took 0.015452 seconds .

========================================================================
Received Import Request.
  Time since last request: 0.000414 seconds.
  path: Assets/WarVFXpack/Effects/Smoke/WFX_SmokeGrenade AlphaBlend Gray.prefab
  artifactKey: Guid(e37de961c0fe47b439a8a7c1c1b6213d) Importer(815301076,1909f56bfc062723c751e8b465ee728b)
Start importing Assets/WarVFXpack/Effects/Smoke/WFX_SmokeGrenade AlphaBlend Gray.prefab using Guid(e37de961c0fe47b439a8a7c1c1b6213d) Importer(815301076,1909f56bfc062723c751e8b465ee728b)  -> (artifact id: '4b1fe62528f506a47a15eac9182ee24e') in 0.007174 seconds
  Import took 0.010453 seconds .

========================================================================
Received Import Request.
  Time since last request: 0.000351 seconds.
  path: Assets/WarVFXpack/Effects/Smoke/WFX_SmokeGrenade Black.prefab
  artifactKey: Guid(6a3cb4ac8fa12944ba1233cbec0e9c69) Importer(815301076,1909f56bfc062723c751e8b465ee728b)
Start importing Assets/WarVFXpack/Effects/Smoke/WFX_SmokeGrenade Black.prefab using Guid(6a3cb4ac8fa12944ba1233cbec0e9c69) Importer(815301076,1909f56bfc062723c751e8b465ee728b)  -> (artifact id: '4eaebc6fc99283ae362bf002083f51b1') in 0.005644 seconds
  Import took 0.008545 seconds .

========================================================================
Received Import Request.
  Time since last request: 0.000371 seconds.
  path: Assets/WarVFXpack/Effects/Smoke/WFX_SmokeGrenade Gray.prefab
  artifactKey: Guid(a24c2dc4ddb2fb34591d1bbab6a8354a) Importer(815301076,1909f56bfc062723c751e8b465ee728b)
Start importing Assets/WarVFXpack/Effects/Smoke/WFX_SmokeGrenade Gray.prefab using Guid(a24c2dc4ddb2fb34591d1bbab6a8354a) Importer(815301076,1909f56bfc062723c751e8b465ee728b)  -> (artifact id: 'd92404418d2875f9f6e89a17000644c9') in 0.005653 seconds
  Import took 0.009386 seconds .

========================================================================
Received Import Request.
  Time since last request: 0.000361 seconds.
  path: Assets/WarVFXpack/Effects/Smoke/WFX_SmokeGrenade AlphaBlend Black.prefab
  artifactKey: Guid(6f8449a4663a4fd44b6140772d4f39f9) Importer(815301076,1909f56bfc062723c751e8b465ee728b)
Start importing Assets/WarVFXpack/Effects/Smoke/WFX_SmokeGrenade AlphaBlend Black.prefab using Guid(6f8449a4663a4fd44b6140772d4f39f9) Importer(815301076,1909f56bfc062723c751e8b465ee728b)  -> (artifact id: '22e6a888b52554e03aa8066641c605aa') in 0.004273 seconds
  Import took 0.006475 seconds .

========================================================================
Received Import Request.
  Time since last request: 0.000340 seconds.
  path: Assets/WarVFXpack/Effects/Smoke/WFX_SmokeGrenade White.prefab
  artifactKey: Guid(b7a5dd96bb4187348909e660f427221b) Importer(815301076,1909f56bfc062723c751e8b465ee728b)
Start importing Assets/WarVFXpack/Effects/Smoke/WFX_SmokeGrenade White.prefab using Guid(b7a5dd96bb4187348909e660f427221b) Importer(815301076,1909f56bfc062723c751e8b465ee728b)  -> (artifact id: 'ad820b9118a818c892f0a49358f441ed') in 0.005092 seconds
  Import took 0.007760 seconds .

========================================================================
Received Import Request.
  Time since last request: 10.224909 seconds.
  path: Assets/WarVFXpack/Effects/Fire
  artifactKey: Guid(b638be5e2834e6043be3d3e95e2ac349) Importer(815301076,1909f56bfc062723c751e8b465ee728b)
Start importing Assets/WarVFXpack/Effects/Fire using Guid(b638be5e2834e6043be3d3e95e2ac349) Importer(815301076,1909f56bfc062723c751e8b465ee728b)  -> (artifact id: '3aa61a56a90d87c9269a3f985cacfcb7') in 0.002765 seconds
  Import took 0.007329 seconds .

========================================================================
Received Import Request.
  Time since last request: 0.008961 seconds.
  path: Assets/WarVFXpack/Effects/Fire
  artifactKey: Guid(b638be5e2834e6043be3d3e95e2ac349) Importer(815301076,1909f56bfc062723c751e8b465ee728b)
Start importing Assets/WarVFXpack/Effects/Fire using Guid(b638be5e2834e6043be3d3e95e2ac349) Importer(815301076,1909f56bfc062723c751e8b465ee728b)  -> (artifact id: '3aa61a56a90d87c9269a3f985cacfcb7') in 0.003585 seconds
  Import took 0.005974 seconds .

========================================================================
Received Import Request.
  Time since last request: 1.541853 seconds.
  path: Assets/WarVFXpack/Effects/Fire/WFX_FlameThrower Big Alt Looped.prefab
  artifactKey: Guid(06d796ccd85dc4c4b9c98270196715ae) Importer(815301076,1909f56bfc062723c751e8b465ee728b)
Start importing Assets/WarVFXpack/Effects/Fire/WFX_FlameThrower Big Alt Looped.prefab using Guid(06d796ccd85dc4c4b9c98270196715ae) Importer(815301076,1909f56bfc062723c751e8b465ee728b)  -> (artifact id: 'e0afee41a2dab4ef34d921f964b43c3b') in 0.010644 seconds
  Import took 0.013435 seconds .

========================================================================
Received Import Request.
  Time since last request: 0.000405 seconds.
  path: Assets/WarVFXpack/Effects/Fire/WFX_FlameThrower Big Alt.prefab
  artifactKey: Guid(aedd4bb62ac8dfd48ae575c52e6e4267) Importer(815301076,1909f56bfc062723c751e8b465ee728b)
Start importing Assets/WarVFXpack/Effects/Fire/WFX_FlameThrower Big Alt.prefab using Guid(aedd4bb62ac8dfd48ae575c52e6e4267) Importer(815301076,1909f56bfc062723c751e8b465ee728b)  -> (artifact id: '44ac203a3c8d2a3c06e357ce7146b4a2') in 0.005653 seconds
  Import took 0.008718 seconds .

========================================================================
Received Import Request.
  Time since last request: 0.000262 seconds.
  path: Assets/WarVFXpack/Effects/Fire/WFX_FlameThrower Big.prefab
  artifactKey: Guid(e3b931080c9262e408c0378d77443cb7) Importer(815301076,1909f56bfc062723c751e8b465ee728b)
Start importing Assets/WarVFXpack/Effects/Fire/WFX_FlameThrower Big.prefab using Guid(e3b931080c9262e408c0378d77443cb7) Importer(815301076,1909f56bfc062723c751e8b465ee728b)  -> (artifact id: '1d92b98e4ce3b77a728b3f6bcbd208a4') in 0.012242 seconds
  Import took 0.015349 seconds .

========================================================================
Received Import Request.
  Time since last request: 0.000405 seconds.
  path: Assets/WarVFXpack/Effects/Fire/WFX_FlameThrower.prefab
  artifactKey: Guid(b8f9e29cc9e6dcf4387b96b6dacc819e) Importer(815301076,1909f56bfc062723c751e8b465ee728b)
Start importing Assets/WarVFXpack/Effects/Fire/WFX_FlameThrower.prefab using Guid(b8f9e29cc9e6dcf4387b96b6dacc819e) Importer(815301076,1909f56bfc062723c751e8b465ee728b)  -> (artifact id: '4582110fbc03e59f7b21beae10dcbba4') in 0.007414 seconds
  Import took 0.010311 seconds .

========================================================================
Received Import Request.
  Time since last request: 0.000332 seconds.
  path: Assets/WarVFXpack/Effects/Fire/WFX_GazFireBig (Green).prefab
  artifactKey: Guid(416b2492ca9d1b140874c7ba41cb3214) Importer(815301076,1909f56bfc062723c751e8b465ee728b)
Start importing Assets/WarVFXpack/Effects/Fire/WFX_GazFireBig (Green).prefab using Guid(416b2492ca9d1b140874c7ba41cb3214) Importer(815301076,1909f56bfc062723c751e8b465ee728b)  -> (artifact id: '4f0079355bf1828f4e89a04b91e11919') in 0.007174 seconds
  Import took 0.010161 seconds .

========================================================================
Received Import Request.
  Time since last request: 0.000362 seconds.
  path: Assets/WarVFXpack/Effects/Fire/WFX_GazFireBig (Purple).prefab
  artifactKey: Guid(e15f5af5b5f07bd469b5f4f98ed23c39) Importer(815301076,1909f56bfc062723c751e8b465ee728b)
Start importing Assets/WarVFXpack/Effects/Fire/WFX_GazFireBig (Purple).prefab using Guid(e15f5af5b5f07bd469b5f4f98ed23c39) Importer(815301076,1909f56bfc062723c751e8b465ee728b)  -> (artifact id: '8dce9d32412870e77c2c8620e5148f4f') in 0.005470 seconds
  Import took 0.008568 seconds .

========================================================================
Received Import Request.
  Time since last request: 0.000340 seconds.
  path: Assets/WarVFXpack/Effects/Fire/WFX_FlameThrower Big Looped.prefab
  artifactKey: Guid(b2e8413438f79464aa69948979b150a8) Importer(815301076,1909f56bfc062723c751e8b465ee728b)
Start importing Assets/WarVFXpack/Effects/Fire/WFX_FlameThrower Big Looped.prefab using Guid(b2e8413438f79464aa69948979b150a8) Importer(815301076,1909f56bfc062723c751e8b465ee728b)  -> (artifact id: '9e29a4a5b07b12b334d9dc0822c90e1a') in 0.005110 seconds
  Import took 0.008177 seconds .

========================================================================
Received Import Request.
  Time since last request: 0.000566 seconds.
  path: Assets/WarVFXpack/Effects/Fire/WFX_FlameThrower Looped.prefab
  artifactKey: Guid(21f6aea0c9b788c4b9b6275efc33d0f9) Importer(815301076,1909f56bfc062723c751e8b465ee728b)
Start importing Assets/WarVFXpack/Effects/Fire/WFX_FlameThrower Looped.prefab using Guid(21f6aea0c9b788c4b9b6275efc33d0f9) Importer(815301076,1909f56bfc062723c751e8b465ee728b)  -> (artifact id: '5b2b12cd3cec39e9588f9b671200f13e') in 0.007249 seconds
  Import took 0.010469 seconds .

========================================================================
Received Import Request.
  Time since last request: 0.000982 seconds.
  path: Assets/WarVFXpack/Effects/Fire/WFX_GazFireBig (Blue).prefab
  artifactKey: Guid(cdd71635203c8ed47a18dcefce87463e) Importer(815301076,1909f56bfc062723c751e8b465ee728b)
Start importing Assets/WarVFXpack/Effects/Fire/WFX_GazFireBig (Blue).prefab using Guid(cdd71635203c8ed47a18dcefce87463e) Importer(815301076,1909f56bfc062723c751e8b465ee728b)  -> (artifact id: 'e6f487a9366d807156e112bae3921a4d') in 0.007366 seconds
  Import took 0.010445 seconds .

========================================================================
Received Import Request.
  Time since last request: 23.002562 seconds.
  path: Assets/WarVFXpack/Effects/Fire/Gray Smoke/WFX_Fire Natural (Gray Smoke).prefab
  artifactKey: Guid(717898f1e82d6b94f8dfa819112cc432) Importer(815301076,1909f56bfc062723c751e8b465ee728b)
Start importing Assets/WarVFXpack/Effects/Fire/Gray Smoke/WFX_Fire Natural (Gray Smoke).prefab using Guid(717898f1e82d6b94f8dfa819112cc432) Importer(815301076,1909f56bfc062723c751e8b465ee728b)  -> (artifact id: '8ae68009533180fb078a2c344d12c964') in 0.011823 seconds
  Import took 0.017128 seconds .

========================================================================
Received Import Request.
  Time since last request: 0.000182 seconds.
  path: Assets/WarVFXpack/Effects/Fire/Gray Smoke/WFX_Fire Natural Broad (Gray Smoke).prefab
  artifactKey: Guid(46db5b1dc2de2384da9a75fc063273be) Importer(815301076,1909f56bfc062723c751e8b465ee728b)
Start importing Assets/WarVFXpack/Effects/Fire/Gray Smoke/WFX_Fire Natural Broad (Gray Smoke).prefab using Guid(46db5b1dc2de2384da9a75fc063273be) Importer(815301076,1909f56bfc062723c751e8b465ee728b)  -> (artifact id: '1d785b5fc309d806abf1c721334a99fd') in 0.008642 seconds
  Import took 0.011427 seconds .

========================================================================
Received Import Request.
  Time since last request: 0.000395 seconds.
  path: Assets/WarVFXpack/Effects/Fire/Gray Smoke/WFX_Fire SmallFlame (Gray Smoke).prefab
  artifactKey: Guid(ff2aa30ecb40c1b4ea64a518c1d943f1) Importer(815301076,1909f56bfc062723c751e8b465ee728b)
Start importing Assets/WarVFXpack/Effects/Fire/Gray Smoke/WFX_Fire SmallFlame (Gray Smoke).prefab using Guid(ff2aa30ecb40c1b4ea64a518c1d943f1) Importer(815301076,1909f56bfc062723c751e8b465ee728b)  -> (artifact id: '6144ff043168dbbf831bf4f2700210a5') in 0.005852 seconds
  Import took 0.008823 seconds .

========================================================================
Received Import Request.
  Time since last request: 0.000336 seconds.
  path: Assets/WarVFXpack/Effects/Fire/Gray Smoke/WFX_GazFireBig (Gray Smoke).prefab
  artifactKey: Guid(b129faff9037943418e319f01ef35913) Importer(815301076,1909f56bfc062723c751e8b465ee728b)
Start importing Assets/WarVFXpack/Effects/Fire/Gray Smoke/WFX_GazFireBig (Gray Smoke).prefab using Guid(b129faff9037943418e319f01ef35913) Importer(815301076,1909f56bfc062723c751e8b465ee728b)  -> (artifact id: '07f965b2bd05e433d44646b74792274b') in 0.008244 seconds
  Import took 0.011692 seconds .

========================================================================
Received Import Request.
  Time since last request: 0.000266 seconds.
  path: Assets/WarVFXpack/Effects/Fire/Gray Smoke/WFX_Fire Natural Circle (Gray Smoke).prefab
  artifactKey: Guid(dc0674a8a869b5043ab6f4155bdd5b02) Importer(815301076,1909f56bfc062723c751e8b465ee728b)
Start importing Assets/WarVFXpack/Effects/Fire/Gray Smoke/WFX_Fire Natural Circle (Gray Smoke).prefab using Guid(dc0674a8a869b5043ab6f4155bdd5b02) Importer(815301076,1909f56bfc062723c751e8b465ee728b)  -> (artifact id: '852fb6cdb2e9c3cba77eadc0329a7780') in 0.006721 seconds
  Import took 0.009816 seconds .

========================================================================
Received Import Request.
  Time since last request: 0.000332 seconds.
  path: Assets/WarVFXpack/Effects/Fire/Gray Smoke/WFX_GazFire (Gray Smoke).prefab
  artifactKey: Guid(8f4c8e6e19f6811488df5bbe56510f9d) Importer(815301076,1909f56bfc062723c751e8b465ee728b)
Start importing Assets/WarVFXpack/Effects/Fire/Gray Smoke/WFX_GazFire (Gray Smoke).prefab using Guid(8f4c8e6e19f6811488df5bbe56510f9d) Importer(815301076,1909f56bfc062723c751e8b465ee728b)  -> (artifact id: '643d7c804b7a2d7522684e16c5b24d55') in 0.006829 seconds
  Import took 0.011338 seconds .

========================================================================
Received Import Request.
  Time since last request: 17.444231 seconds.
  path: Assets/WarVFXpack/Effects/Fire/Black Smoke/WFX_Fire Natural (Black Smoke).prefab
  artifactKey: Guid(a817de05addd7b64faa73b34c74013ce) Importer(815301076,1909f56bfc062723c751e8b465ee728b)
Start importing Assets/WarVFXpack/Effects/Fire/Black Smoke/WFX_Fire Natural (Black Smoke).prefab using Guid(a817de05addd7b64faa73b34c74013ce) Importer(815301076,1909f56bfc062723c751e8b465ee728b)  -> (artifact id: '30fc86eba8e9f8158375f6803a606afe') in 0.010609 seconds
  Import took 0.014125 seconds .

========================================================================
Received Import Request.
  Time since last request: 0.000387 seconds.
  path: Assets/WarVFXpack/Effects/Fire/Black Smoke/WFX_Fire Natural Circle (Black Smoke).prefab
  artifactKey: Guid(06a7735096a49064bac4963673c4f0b3) Importer(815301076,1909f56bfc062723c751e8b465ee728b)
Start importing Assets/WarVFXpack/Effects/Fire/Black Smoke/WFX_Fire Natural Circle (Black Smoke).prefab using Guid(06a7735096a49064bac4963673c4f0b3) Importer(815301076,1909f56bfc062723c751e8b465ee728b)  -> (artifact id: 'eb14281b59cbb62717769d96ef674af6') in 0.006303 seconds
  Import took 0.009541 seconds .

========================================================================
Received Import Request.
  Time since last request: 0.000367 seconds.
  path: Assets/WarVFXpack/Effects/Fire/Black Smoke/WFX_Fire SmallFlame (Black Smoke).prefab
  artifactKey: Guid(5a4723eba1f3efd4e992d78be01cb3f0) Importer(815301076,1909f56bfc062723c751e8b465ee728b)
Start importing Assets/WarVFXpack/Effects/Fire/Black Smoke/WFX_Fire SmallFlame (Black Smoke).prefab using Guid(5a4723eba1f3efd4e992d78be01cb3f0) Importer(815301076,1909f56bfc062723c751e8b465ee728b)  -> (artifact id: '2acef3c7853dd557e384995d08e05ea2') in 0.005446 seconds
  Import took 0.009000 seconds .

========================================================================
Received Import Request.
  Time since last request: 0.000381 seconds.
  path: Assets/WarVFXpack/Effects/Fire/Black Smoke/WFX_Fire Natural Broad (Black Smoke).prefab
  artifactKey: Guid(002c8e66c11fe4048a8c3a08b7f0fe74) Importer(815301076,1909f56bfc062723c751e8b465ee728b)
Start importing Assets/WarVFXpack/Effects/Fire/Black Smoke/WFX_Fire Natural Broad (Black Smoke).prefab using Guid(002c8e66c11fe4048a8c3a08b7f0fe74) Importer(815301076,1909f56bfc062723c751e8b465ee728b)  -> (artifact id: '674a8b2264d60a69423107c4c2d347c2') in 0.005394 seconds
  Import took 0.008581 seconds .

========================================================================
Received Import Request.
  Time since last request: 0.000336 seconds.
  path: Assets/WarVFXpack/Effects/Fire/Black Smoke/WFX_GazFire (Black Smoke).prefab
  artifactKey: Guid(a83e0ffec52c58a47a7af8081a1dab6d) Importer(815301076,1909f56bfc062723c751e8b465ee728b)
Start importing Assets/WarVFXpack/Effects/Fire/Black Smoke/WFX_GazFire (Black Smoke).prefab using Guid(a83e0ffec52c58a47a7af8081a1dab6d) Importer(815301076,1909f56bfc062723c751e8b465ee728b)  -> (artifact id: '4bd0903571ff70223612595a8b27fca3') in 0.008410 seconds
  Import took 0.012024 seconds .

========================================================================
Received Import Request.
  Time since last request: 0.000410 seconds.
  path: Assets/WarVFXpack/Effects/Fire/Black Smoke/WFX_GazFireBig (Black Smoke).prefab
  artifactKey: Guid(977bc30ff641de44bbf012f86491b775) Importer(815301076,1909f56bfc062723c751e8b465ee728b)
Start importing Assets/WarVFXpack/Effects/Fire/Black Smoke/WFX_GazFireBig (Black Smoke).prefab using Guid(977bc30ff641de44bbf012f86491b775) Importer(815301076,1909f56bfc062723c751e8b465ee728b)  -> (artifact id: 'ec9b05b08adc58143bd8bb7d00a467aa') in 0.005975 seconds
  Import took 0.010870 seconds .

========================================================================
Received Prepare
Registering precompiled user dll's ...
Registered in 0.000983 seconds.
Begin MonoManager ReloadAssembly
Native extension for WindowsStandalone target not found
Refreshing native plugins compatible for Editor in 0.33 ms, found 0 plugins.
Preloading 0 native plugins for Editor in 0.00 ms.
Mono: successfully reloaded assembly
- Completed reload, in  1.113 seconds
Platform modules already initialized, skipping
Shader 'WFX/Transparent Diffuse': fallback shader 'Particles/Alpha Blended' not found
Shader 'WFX/Transparent Specular': fallback shader 'Particles/Alpha Blended' not found
Refreshing native plugins compatible for Editor in 0.25 ms, found 0 plugins.
Preloading 0 native plugins for Editor in 0.00 ms.
Unloading 1170 Unused Serialized files (Serialized files now loaded: 0)
System memory in use before: 79.3 MB.
System memory in use after: 79.4 MB.

Unloading 4 unused Assets to reduce memory usage. Loaded Objects now: 1689.
Total: 1.648000 ms (FindLiveObjects: 0.169400 ms CreateObjectMapping: 0.041300 ms MarkObjects: 1.422900 ms  DeleteObjects: 0.013100 ms)

========================================================================
Received Import Request.
  Time since last request: 5241.140748 seconds.
  path: Assets/WarVFXpack/Effects/Fire/Black Smoke/WFX_Fire Natural Broad (Black Smoke).prefab
  artifactKey: Guid(002c8e66c11fe4048a8c3a08b7f0fe74) Importer(815301076,1909f56bfc062723c751e8b465ee728b)
Start importing Assets/WarVFXpack/Effects/Fire/Black Smoke/WFX_Fire Natural Broad (Black Smoke).prefab using Guid(002c8e66c11fe4048a8c3a08b7f0fe74) Importer(815301076,1909f56bfc062723c751e8b465ee728b)  -> (artifact id: '8b7ffc18e1850d5260a88e8463ccfd57') in 0.045999 seconds
  Import took 0.048901 seconds .

========================================================================
Received Import Request.
  Time since last request: 13.195243 seconds.
  path: Assets/WarVFXpack/Effects/Fire/No Smoke/WFX_Fire Natural (No Smoke).prefab
  artifactKey: Guid(b3167a8e5b4bb9541be8e07f4fac8355) Importer(815301076,1909f56bfc062723c751e8b465ee728b)
Start importing Assets/WarVFXpack/Effects/Fire/No Smoke/WFX_Fire Natural (No Smoke).prefab using Guid(b3167a8e5b4bb9541be8e07f4fac8355) Importer(815301076,1909f56bfc062723c751e8b465ee728b)  -> (artifact id: '52ef3f0176963c7dc7f89d526bfad132') in 0.012632 seconds
  Import took 0.015812 seconds .

========================================================================
Received Import Request.
  Time since last request: 0.000384 seconds.
  path: Assets/WarVFXpack/Effects/Fire/No Smoke/WFX_Fire Natural Broad (No Smoke).prefab
  artifactKey: Guid(cfa5cd38b0eeb5d45aafdbe57871168c) Importer(815301076,1909f56bfc062723c751e8b465ee728b)
Start importing Assets/WarVFXpack/Effects/Fire/No Smoke/WFX_Fire Natural Broad (No Smoke).prefab using Guid(cfa5cd38b0eeb5d45aafdbe57871168c) Importer(815301076,1909f56bfc062723c751e8b465ee728b)  -> (artifact id: '400cccf103653c10cf58221030b1e9f6') in 0.005827 seconds
  Import took 0.009030 seconds .

========================================================================
Received Import Request.
  Time since last request: 0.000342 seconds.
  path: Assets/WarVFXpack/Effects/Fire/No Smoke/WFX_Fire SmallFlame (No Smoke).prefab
  artifactKey: Guid(9fdb9361d90a0c64688ffb3004e8682c) Importer(815301076,1909f56bfc062723c751e8b465ee728b)
Start importing Assets/WarVFXpack/Effects/Fire/No Smoke/WFX_Fire SmallFlame (No Smoke).prefab using Guid(9fdb9361d90a0c64688ffb3004e8682c) Importer(815301076,1909f56bfc062723c751e8b465ee728b)  -> (artifact id: 'bb09142671ae95ae60278ecd7f451173') in 0.005162 seconds
  Import took 0.007975 seconds .

========================================================================
Received Import Request.
  Time since last request: 0.000337 seconds.
  path: Assets/WarVFXpack/Effects/Fire/No Smoke/WFX_GazFire (No Smoke).prefab
  artifactKey: Guid(ce4491e862939974997f1e487c3ea84b) Importer(815301076,1909f56bfc062723c751e8b465ee728b)
Start importing Assets/WarVFXpack/Effects/Fire/No Smoke/WFX_GazFire (No Smoke).prefab using Guid(ce4491e862939974997f1e487c3ea84b) Importer(815301076,1909f56bfc062723c751e8b465ee728b)  -> (artifact id: '864842e19c56aa6a51ffc87148e8c8d4') in 0.005280 seconds
  Import took 0.007702 seconds .

========================================================================
Received Import Request.
  Time since last request: 0.000339 seconds.
  path: Assets/WarVFXpack/Effects/Fire/No Smoke/WFX_GazFireBig (No Smoke).prefab
  artifactKey: Guid(ec8ca459c13886c48b2e9767acbe237b) Importer(815301076,1909f56bfc062723c751e8b465ee728b)
Start importing Assets/WarVFXpack/Effects/Fire/No Smoke/WFX_GazFireBig (No Smoke).prefab using Guid(ec8ca459c13886c48b2e9767acbe237b) Importer(815301076,1909f56bfc062723c751e8b465ee728b)  -> (artifact id: 'a1b5bbf0449ca19d1481f66e22439323') in 0.006286 seconds
  Import took 0.009958 seconds .

========================================================================
Received Import Request.
  Time since last request: 0.000057 seconds.
  path: Assets/WarVFXpack/Effects/Fire/No Smoke/WFX_Fire Natural Circle (No Smoke).prefab
  artifactKey: Guid(55654dc0a2e9e124b914a067ed8bca69) Importer(815301076,1909f56bfc062723c751e8b465ee728b)
Start importing Assets/WarVFXpack/Effects/Fire/No Smoke/WFX_Fire Natural Circle (No Smoke).prefab using Guid(55654dc0a2e9e124b914a067ed8bca69) Importer(815301076,1909f56bfc062723c751e8b465ee728b)  -> (artifact id: '36337487062b17f8e5e5e4272d9d6d2b') in 0.006947 seconds
  Import took 0.009697 seconds .

========================================================================
Received Prepare
Registering precompiled user dll's ...
Registered in 0.001007 seconds.
Begin MonoManager ReloadAssembly
Native extension for WindowsStandalone target not found
Refreshing native plugins compatible for Editor in 0.26 ms, found 0 plugins.
Preloading 0 native plugins for Editor in 0.00 ms.
Mono: successfully reloaded assembly
- Completed reload, in  1.053 seconds
Platform modules already initialized, skipping
Shader 'WFX/Transparent Diffuse': fallback shader 'Particles/Alpha Blended' not found
Shader 'WFX/Transparent Specular': fallback shader 'Particles/Alpha Blended' not found
Refreshing native plugins compatible for Editor in 0.27 ms, found 0 plugins.
Preloading 0 native plugins for Editor in 0.00 ms.
Unloading 1170 Unused Serialized files (Serialized files now loaded: 0)
System memory in use before: 79.4 MB.
System memory in use after: 79.5 MB.

Unloading 4 unused Assets to reduce memory usage. Loaded Objects now: 1692.
Total: 1.937700 ms (FindLiveObjects: 0.158500 ms CreateObjectMapping: 0.042900 ms MarkObjects: 1.705700 ms  DeleteObjects: 0.029400 ms)

========================================================================
Received Import Request.
  Time since last request: 19.666392 seconds.
  path: Assets/WarVFXpack/Effects/Explosions/WFX_Nuke.prefab
  artifactKey: Guid(6ecf76dc4f268d340b2666896a954bcc) Importer(815301076,1909f56bfc062723c751e8b465ee728b)
Start importing Assets/WarVFXpack/Effects/Explosions/WFX_Nuke.prefab using Guid(6ecf76dc4f268d340b2666896a954bcc) Importer(815301076,1909f56bfc062723c751e8b465ee728b)  -> (artifact id: 'ffce5e17876abf1c6dbfe94b71014cd7') in 0.040583 seconds
  Import took 0.043326 seconds .

========================================================================
Received Import Request.
  Time since last request: 2.511530 seconds.
  path: Assets/WarVFXpack/Effects/Explosions/WFX_Nuke.prefab
  artifactKey: Guid(6ecf76dc4f268d340b2666896a954bcc) Importer(815301076,1909f56bfc062723c751e8b465ee728b)
Start importing Assets/WarVFXpack/Effects/Explosions/WFX_Nuke.prefab using Guid(6ecf76dc4f268d340b2666896a954bcc) Importer(815301076,1909f56bfc062723c751e8b465ee728b)  -> (artifact id: 'ffce5e17876abf1c6dbfe94b71014cd7') in 0.005337 seconds
  Import took 0.008084 seconds .

========================================================================
Received Prepare
Registering precompiled user dll's ...
Registered in 0.002545 seconds.
Begin MonoManager ReloadAssembly
Native extension for WindowsStandalone target not found
Refreshing native plugins compatible for Editor in 0.25 ms, found 0 plugins.
Preloading 0 native plugins for Editor in 0.00 ms.
Mono: successfully reloaded assembly
- Completed reload, in  1.023 seconds
Platform modules already initialized, skipping
Shader 'WFX/Transparent Diffuse': fallback shader 'Particles/Alpha Blended' not found
Shader 'WFX/Transparent Specular': fallback shader 'Particles/Alpha Blended' not found
Refreshing native plugins compatible for Editor in 0.34 ms, found 0 plugins.
Preloading 0 native plugins for Editor in 0.00 ms.
Unloading 1170 Unused Serialized files (Serialized files now loaded: 0)
System memory in use before: 79.4 MB.
System memory in use after: 79.5 MB.

Unloading 4 unused Assets to reduce memory usage. Loaded Objects now: 1695.
Total: 3.305200 ms (FindLiveObjects: 0.235400 ms CreateObjectMapping: 0.063100 ms MarkObjects: 2.980400 ms  DeleteObjects: 0.018700 ms)

========================================================================
Received Import Request.
  Time since last request: 690.448962 seconds.
  path: Assets/Sounds/Винт-вертолета (mp3cut.net).mp3
  artifactKey: Guid(6a2ddcd63c3bcd0468ad7a965cecc231) Importer(815301076,1909f56bfc062723c751e8b465ee728b)
Start importing Assets/Sounds/Винт-вертолета (mp3cut.net).mp3 using Guid(6a2ddcd63c3bcd0468ad7a965cecc231) Importer(815301076,1909f56bfc062723c751e8b465ee728b)  -> (artifact id: 'faf0b51c596e0bc924a7e8e625e9ff8d') in 0.090202 seconds
  Import took 0.094236 seconds .

========================================================================
Received Prepare
Registering precompiled user dll's ...
Registered in 0.001343 seconds.
Begin MonoManager ReloadAssembly
Native extension for WindowsStandalone target not found
Refreshing native plugins compatible for Editor in 0.27 ms, found 0 plugins.
Preloading 0 native plugins for Editor in 0.00 ms.
Mono: successfully reloaded assembly
- Completed reload, in  1.195 seconds
Platform modules already initialized, skipping
Shader 'WFX/Transparent Diffuse': fallback shader 'Particles/Alpha Blended' not found
Shader 'WFX/Transparent Specular': fallback shader 'Particles/Alpha Blended' not found
Refreshing native plugins compatible for Editor in 0.33 ms, found 0 plugins.
Preloading 0 native plugins for Editor in 0.00 ms.
Unloading 1170 Unused Serialized files (Serialized files now loaded: 0)
System memory in use before: 79.4 MB.
System memory in use after: 79.5 MB.

Unloading 4 unused Assets to reduce memory usage. Loaded Objects now: 1701.
Total: 2.490200 ms (FindLiveObjects: 0.212500 ms CreateObjectMapping: 0.044700 ms MarkObjects: 2.191100 ms  DeleteObjects: 0.039700 ms)

========================================================================
Received Prepare
Registering precompiled user dll's ...
Registered in 0.001517 seconds.
Begin MonoManager ReloadAssembly
Native extension for WindowsStandalone target not found
Refreshing native plugins compatible for Editor in 0.28 ms, found 0 plugins.
Preloading 0 native plugins for Editor in 0.00 ms.
Mono: successfully reloaded assembly
- Completed reload, in  1.698 seconds
Platform modules already initialized, skipping
Shader 'WFX/Transparent Diffuse': fallback shader 'Particles/Alpha Blended' not found
Shader 'WFX/Transparent Specular': fallback shader 'Particles/Alpha Blended' not found
Refreshing native plugins compatible for Editor in 0.33 ms, found 0 plugins.
Preloading 0 native plugins for Editor in 0.00 ms.
Unloading 1170 Unused Serialized files (Serialized files now loaded: 0)
System memory in use before: 79.4 MB.
System memory in use after: 79.5 MB.

Unloading 4 unused Assets to reduce memory usage. Loaded Objects now: 1704.
Total: 4.016500 ms (FindLiveObjects: 0.208700 ms CreateObjectMapping: 0.078700 ms MarkObjects: 3.679800 ms  DeleteObjects: 0.042000 ms)

========================================================================
Received Import Request.
  Time since last request: 1429.723855 seconds.
  path: Assets/Scripts/Tank.cs
  artifactKey: Guid(32f4ce61cd821274ba82bd827df031ac) Importer(815301076,1909f56bfc062723c751e8b465ee728b)
Start importing Assets/Scripts/Tank.cs using Guid(32f4ce61cd821274ba82bd827df031ac) Importer(815301076,1909f56bfc062723c751e8b465ee728b)  -> (artifact id: '2edc949ea647d2165b0346ce1f5b62ac') in 0.009598 seconds
  Import took 0.013514 seconds .

========================================================================
Received Import Request.
  Time since last request: 0.001618 seconds.
  path: Assets/Scripts/Tank.cs
  artifactKey: Guid(32f4ce61cd821274ba82bd827df031ac) Importer(815301076,1909f56bfc062723c751e8b465ee728b)
Start importing Assets/Scripts/Tank.cs using Guid(32f4ce61cd821274ba82bd827df031ac) Importer(815301076,1909f56bfc062723c751e8b465ee728b)  -> (artifact id: '2edc949ea647d2165b0346ce1f5b62ac') in 0.002347 seconds
  Import took 0.005058 seconds .

========================================================================
Received Prepare
Registering precompiled user dll's ...
Registered in 0.000830 seconds.
Begin MonoManager ReloadAssembly
Native extension for WindowsStandalone target not found
Refreshing native plugins compatible for Editor in 0.46 ms, found 0 plugins.
Preloading 0 native plugins for Editor in 0.00 ms.
Mono: successfully reloaded assembly
- Completed reload, in  0.996 seconds
Platform modules already initialized, skipping
Shader 'WFX/Transparent Diffuse': fallback shader 'Particles/Alpha Blended' not found
Shader 'WFX/Transparent Specular': fallback shader 'Particles/Alpha Blended' not found
Refreshing native plugins compatible for Editor in 0.25 ms, found 0 plugins.
Preloading 0 native plugins for Editor in 0.00 ms.
Unloading 1170 Unused Serialized files (Serialized files now loaded: 0)
System memory in use before: 79.4 MB.
System memory in use after: 79.5 MB.

Unloading 4 unused Assets to reduce memory usage. Loaded Objects now: 1707.
Total: 1.802900 ms (FindLiveObjects: 0.152200 ms CreateObjectMapping: 0.044100 ms MarkObjects: 1.589400 ms  DeleteObjects: 0.015400 ms)

========================================================================
Received Import Request.
  Time since last request: 159.578986 seconds.
  path: Assets/Scripts/SoundManager.cs
  artifactKey: Guid(d86540700738faa4f87a6ceb9f0edb47) Importer(815301076,1909f56bfc062723c751e8b465ee728b)
Start importing Assets/Scripts/SoundManager.cs using Guid(d86540700738faa4f87a6ceb9f0edb47) Importer(815301076,1909f56bfc062723c751e8b465ee728b)  -> (artifact id: 'ee0ba4d3883d71c7a2f16ff6e65b0dcc') in 0.006186 seconds
  Import took 0.008851 seconds .

========================================================================
Received Prepare
Registering precompiled user dll's ...
Registered in 0.000908 seconds.
Begin MonoManager ReloadAssembly
Native extension for WindowsStandalone target not found
Refreshing native plugins compatible for Editor in 0.29 ms, found 0 plugins.
Preloading 0 native plugins for Editor in 0.00 ms.
Mono: successfully reloaded assembly
- Completed reload, in  1.038 seconds
Platform modules already initialized, skipping
Shader 'WFX/Transparent Diffuse': fallback shader 'Particles/Alpha Blended' not found
Shader 'WFX/Transparent Specular': fallback shader 'Particles/Alpha Blended' not found
Refreshing native plugins compatible for Editor in 0.26 ms, found 0 plugins.
Preloading 0 native plugins for Editor in 0.00 ms.
Unloading 1170 Unused Serialized files (Serialized files now loaded: 0)
System memory in use before: 79.4 MB.
System memory in use after: 79.5 MB.

Unloading 4 unused Assets to reduce memory usage. Loaded Objects now: 1710.
Total: 2.243600 ms (FindLiveObjects: 0.190600 ms CreateObjectMapping: 0.054000 ms MarkObjects: 1.979900 ms  DeleteObjects: 0.017500 ms)

========================================================================
Received Prepare
Registering precompiled user dll's ...
Registered in 0.002178 seconds.
Begin MonoManager ReloadAssembly
Native extension for WindowsStandalone target not found
Refreshing native plugins compatible for Editor in 0.26 ms, found 0 plugins.
Preloading 0 native plugins for Editor in 0.00 ms.
Mono: successfully reloaded assembly
- Completed reload, in  1.045 seconds
Platform modules already initialized, skipping
Shader 'WFX/Transparent Diffuse': fallback shader 'Particles/Alpha Blended' not found
Shader 'WFX/Transparent Specular': fallback shader 'Particles/Alpha Blended' not found
Refreshing native plugins compatible for Editor in 0.26 ms, found 0 plugins.
Preloading 0 native plugins for Editor in 0.00 ms.
Unloading 1170 Unused Serialized files (Serialized files now loaded: 0)
System memory in use before: 79.4 MB.
System memory in use after: 79.5 MB.

Unloading 4 unused Assets to reduce memory usage. Loaded Objects now: 1713.
Total: 1.635100 ms (FindLiveObjects: 0.148100 ms CreateObjectMapping: 0.041400 ms MarkObjects: 1.430600 ms  DeleteObjects: 0.014000 ms)

========================================================================
Received Prepare
Registering precompiled user dll's ...
Registered in 0.001158 seconds.
Begin MonoManager ReloadAssembly
Native extension for WindowsStandalone target not found
Refreshing native plugins compatible for Editor in 0.27 ms, found 0 plugins.
Preloading 0 native plugins for Editor in 0.00 ms.
Mono: successfully reloaded assembly
- Completed reload, in  0.989 seconds
Platform modules already initialized, skipping
Shader 'WFX/Transparent Diffuse': fallback shader 'Particles/Alpha Blended' not found
Shader 'WFX/Transparent Specular': fallback shader 'Particles/Alpha Blended' not found
Refreshing native plugins compatible for Editor in 0.26 ms, found 0 plugins.
Preloading 0 native plugins for Editor in 0.00 ms.
Unloading 1170 Unused Serialized files (Serialized files now loaded: 0)
System memory in use before: 79.4 MB.
System memory in use after: 79.6 MB.

Unloading 4 unused Assets to reduce memory usage. Loaded Objects now: 1716.
Total: 4.037500 ms (FindLiveObjects: 1.193300 ms CreateObjectMapping: 0.232600 ms MarkObjects: 2.589300 ms  DeleteObjects: 0.020100 ms)

========================================================================
Received Import Request.
  Time since last request: 1117.057500 seconds.
  path: Assets/Sounds/Винт-вертолета (mp3cut.net).mp3
  artifactKey: Guid(6a2ddcd63c3bcd0468ad7a965cecc231) Importer(815301076,1909f56bfc062723c751e8b465ee728b)
Start importing Assets/Sounds/Винт-вертолета (mp3cut.net).mp3 using Guid(6a2ddcd63c3bcd0468ad7a965cecc231) Importer(815301076,1909f56bfc062723c751e8b465ee728b)  -> (artifact id: 'a5c987c7a510914cc2d1abc5de4baea0') in 0.064753 seconds
  Import took 0.067849 seconds .

========================================================================
Received Import Request.
  Time since last request: 51.407183 seconds.
  path: Assets/Sounds/Винт-вертолета (mp3cut.net).mp3
  artifactKey: Guid(6a2ddcd63c3bcd0468ad7a965cecc231) Importer(815301076,1909f56bfc062723c751e8b465ee728b)
Start importing Assets/Sounds/Винт-вертолета (mp3cut.net).mp3 using Guid(6a2ddcd63c3bcd0468ad7a965cecc231) Importer(815301076,1909f56bfc062723c751e8b465ee728b)  -> (artifact id: 'dd91b40527b7aa463a93f95c8b7da7d0') in 0.014153 seconds
  Import took 0.017098 seconds .

========================================================================
Received Import Request.
  Time since last request: 0.004993 seconds.
  path: Assets/Sounds/Винт-вертолета (mp3cut.net).mp3
  artifactKey: Guid(6a2ddcd63c3bcd0468ad7a965cecc231) Importer(815301076,1909f56bfc062723c751e8b465ee728b)
Start importing Assets/Sounds/Винт-вертолета (mp3cut.net).mp3 using Guid(6a2ddcd63c3bcd0468ad7a965cecc231) Importer(815301076,1909f56bfc062723c751e8b465ee728b)  -> (artifact id: 'dd91b40527b7aa463a93f95c8b7da7d0') in 0.012212 seconds
  Import took 0.015329 seconds .

========================================================================
Received Import Request.
  Time since last request: 765.756995 seconds.
  path: Assets/Sounds/Винт-вертолета (mp3cut.net).mp3
  artifactKey: Guid(6a2ddcd63c3bcd0468ad7a965cecc231) Importer(815301076,1909f56bfc062723c751e8b465ee728b)
Start importing Assets/Sounds/Винт-вертолета (mp3cut.net).mp3 using Guid(6a2ddcd63c3bcd0468ad7a965cecc231) Importer(815301076,1909f56bfc062723c751e8b465ee728b)  -> (artifact id: '8768fe2be8d333315bb6aca286a8f66d') in 0.029168 seconds
  Import took 0.033366 seconds .

========================================================================
Received Import Request.
  Time since last request: 85.499356 seconds.
  path: Assets/Sounds/Винт-вертолета (mp3cut.net) (1).mp3
  artifactKey: Guid(07d171e25e7bab94faf7759d38f9a1be) Importer(815301076,1909f56bfc062723c751e8b465ee728b)
Start importing Assets/Sounds/Винт-вертолета (mp3cut.net) (1).mp3 using Guid(07d171e25e7bab94faf7759d38f9a1be) Importer(815301076,1909f56bfc062723c751e8b465ee728b)  -> (artifact id: '77bc251e4b379852f5f98861c7378619') in 0.020356 seconds
  Import took 0.023883 seconds .

AssetImportWorkerClient::OnTransportError - code=2 error=End of file
