Using pre-set license
Built from '2020.3/release' branch; Version is '2020.3.7f1 (dd97f2c94397) revision 14522354'; Using compiler version '192528614'; Build Type 'Release'
OS: 'Windows 10 Home Single Language; OS build 19042.1052; Version 2009; 64bit' Language: 'ru' Physical Memory: 12167 MB
BatchMode: 1, IsHumanControllingUs: 0, StartBugReporterOnCrash: 0, Is64bit: 1, IsPro: 0

 COMMAND LINE ARGUMENTS:
C:\Program Files\Unity\Hub\Editor\2020.3.7f1\Editor\Unity.exe
-adb2
-batchMode
-noUpm
-name
AssetImportWorker0
-projectPath
C:/Users/Public/Documents/Unity Projects/3D-Shooter
-logFile
Logs/AssetImportWorker0.log
-srvPort
54194
Successfully changed project path to: C:/Users/Public/Documents/Unity Projects/3D-Shooter
C:/Users/Public/Documents/Unity Projects/3D-Shooter
Using Asset Import Pipeline V2.
Refreshing native plugins compatible for Editor in 28.99 ms, found 0 plugins.
Preloading 0 native plugins for Editor in 0.00 ms.
Initialize engine version: 2020.3.7f1 (dd97f2c94397)
[Subsystems] Discovering subsystems at path C:/Program Files/Unity/Hub/Editor/2020.3.7f1/Editor/Data/Resources/UnitySubsystems
[Subsystems] Discovering subsystems at path C:/Users/Public/Documents/Unity Projects/3D-Shooter/Assets
GfxDevice: creating device client; threaded=0
Direct3D:
    Version:  Direct3D 11.0 [level 11.1]
    Renderer: NVIDIA GeForce GTX 1050 (ID=0x1c8d)
    Vendor:   
    VRAM:     1977 MB
    Driver:   27.21.14.6230
Initialize mono
Mono path[0] = 'C:/Program Files/Unity/Hub/Editor/2020.3.7f1/Editor/Data/Managed'
Mono path[1] = 'C:/Program Files/Unity/Hub/Editor/2020.3.7f1/Editor/Data/MonoBleedingEdge/lib/mono/unityjit'
Mono config path = 'C:/Program Files/Unity/Hub/Editor/2020.3.7f1/Editor/Data/MonoBleedingEdge/etc'
Using monoOptions --debugger-agent=transport=dt_socket,embedding=1,server=y,suspend=n,address=127.0.0.1:56856
Begin MonoManager ReloadAssembly
Registering precompiled unity dll's ...
Register platform support module: C:/Program Files/Unity/Hub/Editor/2020.3.7f1/Editor/Data/PlaybackEngines/WindowsStandaloneSupport/UnityEditor.WindowsStandalone.Extensions.dll
Registered in 0.003241 seconds.
Native extension for WindowsStandalone target not found
Refreshing native plugins compatible for Editor in 28.66 ms, found 0 plugins.
Preloading 0 native plugins for Editor in 0.00 ms.
Mono: successfully reloaded assembly
- Completed reload, in  2.898 seconds
Platform modules already initialized, skipping
Registering precompiled user dll's ...
Registered in 0.001351 seconds.
Begin MonoManager ReloadAssembly
Native extension for WindowsStandalone target not found
Refreshing native plugins compatible for Editor in 0.20 ms, found 0 plugins.
Preloading 0 native plugins for Editor in 0.00 ms.
Mono: successfully reloaded assembly
- Completed reload, in  1.038 seconds
Platform modules already initialized, skipping
========================================================================
Worker process is ready to serve import requests
Launched and connected shader compiler UnityShaderCompiler.exe after 0.08 seconds
Refreshing native plugins compatible for Editor in 0.23 ms, found 0 plugins.
Preloading 0 native plugins for Editor in 0.00 ms.
Unloading 1130 Unused Serialized files (Serialized files now loaded: 0)
System memory in use before: 57.4 MB.
System memory in use after: 57.5 MB.

Unloading 9 unused Assets to reduce memory usage. Loaded Objects now: 1573.
Total: 2.261300 ms (FindLiveObjects: 0.331900 ms CreateObjectMapping: 0.053600 ms MarkObjects: 1.768800 ms  DeleteObjects: 0.105400 ms)

========================================================================
Received Import Request.
  path: Assets/Prefabs/Bullet.prefab
  artifactKey: Guid(d5be851299fd5324e8d4bd8c1c817d2a) Importer(815301076,1909f56bfc062723c751e8b465ee728b)
Start importing Assets/Prefabs/Bullet.prefab using Guid(d5be851299fd5324e8d4bd8c1c817d2a) Importer(815301076,1909f56bfc062723c751e8b465ee728b)  -> (artifact id: '0e94431b0904286273ee02abc90e1e29') in 0.126015 seconds
  Import took 0.128833 seconds .

========================================================================
Received Import Request.
  Time since last request: 0.000327 seconds.
  path: Assets/Prefabs/Enemy.prefab
  artifactKey: Guid(2aa19ad0c11b05744b5d27c244b63791) Importer(815301076,1909f56bfc062723c751e8b465ee728b)
Start importing Assets/Prefabs/Enemy.prefab using Guid(2aa19ad0c11b05744b5d27c244b63791) Importer(815301076,1909f56bfc062723c751e8b465ee728b)  -> (artifact id: '6cff94a7f916afb93ee6a3e424b4436f') in 0.302563 seconds
  Import took 0.305100 seconds .

========================================================================
Received Import Request.
  Time since last request: 0.000378 seconds.
  path: Assets/Prefabs/MedPack.prefab
  artifactKey: Guid(a03193c8dd1847043a47cbcae894b0fa) Importer(815301076,1909f56bfc062723c751e8b465ee728b)
Start importing Assets/Prefabs/MedPack.prefab using Guid(a03193c8dd1847043a47cbcae894b0fa) Importer(815301076,1909f56bfc062723c751e8b465ee728b)  -> (artifact id: '1044e6e64ddf543edb78d92655623be7') in 0.011488 seconds
  Import took 0.014155 seconds .

========================================================================
Received Import Request.
  Time since last request: 0.000489 seconds.
  path: Assets/Prefabs/Bomb.prefab
  artifactKey: Guid(a6b3b34563e0bcd449ed6e924705e156) Importer(815301076,1909f56bfc062723c751e8b465ee728b)
Start importing Assets/Prefabs/Bomb.prefab using Guid(a6b3b34563e0bcd449ed6e924705e156) Importer(815301076,1909f56bfc062723c751e8b465ee728b)  -> (artifact id: 'd5df79ff2b0666934c70f63c1688db53') in 0.018418 seconds
  Import took 0.022269 seconds .

========================================================================
Received Import Request.
  Time since last request: 0.000362 seconds.
  path: Assets/Prefabs/Player.prefab
  artifactKey: Guid(979b2dc351807ab419bf8107a49f4e3d) Importer(815301076,1909f56bfc062723c751e8b465ee728b)
Start importing Assets/Prefabs/Player.prefab using Guid(979b2dc351807ab419bf8107a49f4e3d) Importer(815301076,1909f56bfc062723c751e8b465ee728b)  -> (artifact id: '1825adfdab495ddd856a05aed19a7243') in 0.018537 seconds
  Import took 0.022814 seconds .

========================================================================
Received Import Request.
  Time since last request: 0.000458 seconds.
  path: Assets/Prefabs/Bomb.prefab
  artifactKey: Guid(a6b3b34563e0bcd449ed6e924705e156) Importer(815301076,1909f56bfc062723c751e8b465ee728b)
Start importing Assets/Prefabs/Bomb.prefab using Guid(a6b3b34563e0bcd449ed6e924705e156) Importer(815301076,1909f56bfc062723c751e8b465ee728b)  -> (artifact id: 'd5df79ff2b0666934c70f63c1688db53') in 0.015282 seconds
  Import took 0.017857 seconds .

========================================================================
Received Import Request.
  Time since last request: 0.000346 seconds.
  path: Assets/Prefabs/AmmoPack.prefab
  artifactKey: Guid(64a8fd0f694b64942a4850c773b4fea1) Importer(815301076,1909f56bfc062723c751e8b465ee728b)
Start importing Assets/Prefabs/AmmoPack.prefab using Guid(64a8fd0f694b64942a4850c773b4fea1) Importer(815301076,1909f56bfc062723c751e8b465ee728b)  -> (artifact id: 'ac08f19d073cd24447068f23c842badf') in 0.018494 seconds
  Import took 0.021461 seconds .

========================================================================
Received Import Request.
  Time since last request: 25.316825 seconds.
  path: Assets/Scenes/MainScene.unity
  artifactKey: Guid(9fc0d4010bbf28b4594072e72b8655ab) Importer(815301076,1909f56bfc062723c751e8b465ee728b)
Start importing Assets/Scenes/MainScene.unity using Guid(9fc0d4010bbf28b4594072e72b8655ab) Importer(815301076,1909f56bfc062723c751e8b465ee728b)  -> (artifact id: '9311908443ea356b8551390ae6c3498a') in 0.003649 seconds
  Import took 0.006186 seconds .

========================================================================
Received Prepare
Registering precompiled user dll's ...
Registered in 0.002323 seconds.
Begin MonoManager ReloadAssembly
Native extension for WindowsStandalone target not found
Refreshing native plugins compatible for Editor in 0.21 ms, found 0 plugins.
Preloading 0 native plugins for Editor in 0.00 ms.
Mono: successfully reloaded assembly
- Completed reload, in  0.913 seconds
Platform modules already initialized, skipping
Refreshing native plugins compatible for Editor in 0.23 ms, found 0 plugins.
Preloading 0 native plugins for Editor in 0.00 ms.
Unloading 1124 Unused Serialized files (Serialized files now loaded: 0)
System memory in use before: 60.5 MB.
System memory in use after: 60.6 MB.

Unloading 5 unused Assets to reduce memory usage. Loaded Objects now: 1587.
Total: 1.862900 ms (FindLiveObjects: 0.155400 ms CreateObjectMapping: 0.040900 ms MarkObjects: 1.646400 ms  DeleteObjects: 0.019000 ms)

AssetImportWorkerClient::OnTransportError - code=2 error=End of file
